#
# There is insufficient memory for the Java Runtime Environment to continue.
# Native memory allocation (malloc) failed to allocate 1568176 bytes for Chunk::new
# Possible reasons:
#   The system is out of physical RAM or swap space
#   The process is running with CompressedOops enabled, and the Java Heap may be blocking the growth of the native heap
# Possible solutions:
#   Reduce memory load on the system
#   Increase physical memory or swap space
#   Check if swap backing store is full
#   Decrease Java heap size (-Xmx/-Xms)
#   Decrease number of Java threads
#   Decrease Java thread stack sizes (-Xss)
#   Set larger code cache with -XX:ReservedCodeCacheSize=
#   JVM is running with Unscaled Compressed Oops mode in which the Java heap is
#     placed in the first 4GB address space. The Java Heap base address is the
#     maximum limit for the native heap growth. Please use -XX:HeapBaseMinAddress
#     to set the Java Heap base and to place the Java Heap above 4GB virtual address.
# This output file may be truncated or incomplete.
#
#  Out of Memory Error (arena.cpp:195), pid=29928, tid=6076
#
# JRE version: OpenJDK Runtime Environment Corretto-16.0.2.7.1 (16.0.2+7) (build 16.0.2+7)
# Java VM: OpenJDK 64-Bit Server VM Corretto-16.0.2.7.1 (16.0.2+7, mixed mode, sharing, tiered, compressed oops, compressed class ptrs, g1 gc, windows-amd64)
# No core dump will be written. Minidumps are not enabled by default on client versions of Windows
#

---------------  S U M M A R Y ------------

Command Line: --add-opens=java.base/java.util=ALL-UNNAMED --add-opens=java.base/java.lang=ALL-UNNAMED --add-opens=java.base/java.lang.invoke=ALL-UNNAMED --add-opens=java.base/java.util=ALL-UNNAMED --add-opens=java.prefs/java.util.prefs=ALL-UNNAMED --add-opens=java.prefs/java.util.prefs=ALL-UNNAMED --add-opens=java.base/java.nio.charset=ALL-UNNAMED --add-opens=java.base/java.net=ALL-UNNAMED --add-opens=java.base/java.util.concurrent.atomic=ALL-UNNAMED -XX:MaxMetaspaceSize=256m -XX:+HeapDumpOnOutOfMemoryError -Xms256m -Xmx512m -Dfile.encoding=windows-1252 -Duser.country=US -Duser.language=en -Duser.variant org.gradle.launcher.daemon.bootstrap.GradleDaemon 7.1

Host: Intel(R) Core(TM) i7-9700K CPU @ 3.60GHz, 8 cores, 31G,  Windows 10 , 64 bit Build 22621 (10.0.22621.1778)
Time: Wed Jun 28 14:39:36 2023 Pacific Daylight Time elapsed time: 8.587848 seconds (0d 0h 0m 8s)

---------------  T H R E A D  ---------------

Current thread (0x000002457f099740):  JavaThread "C2 CompilerThread2" daemon [_thread_in_native, id=6076, stack(0x000000f3ffe00000,0x000000f3fff00000)]


Current CompileTask:
C2:   8589 6177       4       java.lang.String::split (327 bytes)

Stack: [0x000000f3ffe00000,0x000000f3fff00000]
Native frames: (J=compiled Java code, j=interpreted, Vv=VM code, C=native code)
V  [jvm.dll+0x647e0a]
V  [jvm.dll+0x7f0549]
V  [jvm.dll+0x7f1cfe]
V  [jvm.dll+0x7f2343]
V  [jvm.dll+0x23dd88]
V  [jvm.dll+0xc879a]
V  [jvm.dll+0xc8d4c]
V  [jvm.dll+0x3515d2]
V  [jvm.dll+0x31b53f]
V  [jvm.dll+0x31a97a]
V  [jvm.dll+0x210990]
V  [jvm.dll+0x20ff17]
V  [jvm.dll+0x1a0d9b]
V  [jvm.dll+0x21f909]
V  [jvm.dll+0x21da9b]
V  [jvm.dll+0x7a8662]
V  [jvm.dll+0x7a223a]
V  [jvm.dll+0x646c46]
C  [ucrtbase.dll+0x29363]
C  [KERNEL32.DLL+0x126ad]
C  [ntdll.dll+0x5a9f8]


---------------  P R O C E S S  ---------------

Threads class SMR info:
_java_thread_list=0x000002457eb5f6f0, length=93, elements={
0x000002456f0e1f10, 0x000002457badae60, 0x000002457badb770, 0x000002457bae6f00,
0x000002457bae7810, 0x000002457bae8120, 0x000002457baf0a40, 0x000002457baf9fb0,
0x000002457bafa900, 0x000002457baff660, 0x000002457c5f4310, 0x000002457c5f4830,
0x000002457df4e730, 0x000002457c65be90, 0x000002457e17d890, 0x000002457db9dd10,
0x000002457db9e230, 0x000002457db9ed10, 0x000002457db08840, 0x000002457e31f140,
0x000002457ddfa2b0, 0x000002457ddf9d60, 0x000002457ddfb2a0, 0x000002457ddfb7f0,
0x000002457ddfa800, 0x000002457e950880, 0x000002457f099740, 0x000002457ddf8d70,
0x000002457ddf82d0, 0x000002457ddfad50, 0x000002457ddf8820, 0x000002457ddf92c0,
0x000002457ddf9810, 0x0000024510dcd800, 0x0000024510dcc810, 0x0000024510dcdd50,
0x0000024510dd3250, 0x0000024510dcd2b0, 0x0000024510dcf290, 0x0000024510dd1270,
0x0000024510dd27b0, 0x0000024510dd2d00, 0x0000024510dd17c0, 0x0000024510dd2260,
0x0000024510dcfd30, 0x0000024510dd37a0, 0x0000024510dd0280, 0x0000024510dd3cf0,
0x0000024510dd4240, 0x0000024510dcf7e0, 0x0000024510dd07d0, 0x0000024510dd0d20,
0x0000024510dd1d10, 0x0000024510dccd60, 0x000002451022f430, 0x000002451022f980,
0x0000024510231410, 0x000002451022fed0, 0x0000024510231960, 0x000002451022d9a0,
0x0000024510231eb0, 0x00000245102333f0, 0x0000024510230420, 0x0000024510232400,
0x0000024510230970, 0x000002451022def0, 0x0000024510232950, 0x000002451022e440,
0x0000024510230ec0, 0x00000245102343e0, 0x0000024510232ea0, 0x000002451022d450,
0x000002451022e990, 0x0000024510234930, 0x000002451022eee0, 0x0000024510233940,
0x0000024510233e90, 0x000002451022cf00, 0x000002450fd07020, 0x000002450fd025c0,
0x000002450fd035b0, 0x000002450fd03060, 0x000002450fd08010, 0x000002450fd07570,
0x000002450fd02070, 0x000002450fd08560, 0x000002450fd08ab0, 0x000002450fd07ac0,
0x000002450fd06030, 0x000002450fd09aa0, 0x000002450fd045a0, 0x000002450fd09000,
0x000002450fd04050
}

Java Threads: ( => current thread )
  0x000002456f0e1f10 JavaThread "main" [_thread_blocked, id=67440, stack(0x000000f3fd800000,0x000000f3fd900000)]
  0x000002457badae60 JavaThread "Reference Handler" daemon [_thread_blocked, id=15496, stack(0x000000f3fdf00000,0x000000f3fe000000)]
  0x000002457badb770 JavaThread "Finalizer" daemon [_thread_blocked, id=21612, stack(0x000000f3fe000000,0x000000f3fe100000)]
  0x000002457bae6f00 JavaThread "Signal Dispatcher" daemon [_thread_blocked, id=48812, stack(0x000000f3fe100000,0x000000f3fe200000)]
  0x000002457bae7810 JavaThread "Attach Listener" daemon [_thread_blocked, id=45068, stack(0x000000f3fe200000,0x000000f3fe300000)]
  0x000002457bae8120 JavaThread "Service Thread" daemon [_thread_blocked, id=16308, stack(0x000000f3fe300000,0x000000f3fe400000)]
  0x000002457baf0a40 JavaThread "Monitor Deflation Thread" daemon [_thread_blocked, id=67352, stack(0x000000f3fe400000,0x000000f3fe500000)]
  0x000002457baf9fb0 JavaThread "C2 CompilerThread0" daemon [_thread_in_native, id=57704, stack(0x000000f3fe500000,0x000000f3fe600000)]
  0x000002457bafa900 JavaThread "C1 CompilerThread0" daemon [_thread_blocked, id=60752, stack(0x000000f3fe600000,0x000000f3fe700000)]
  0x000002457baff660 JavaThread "Sweeper thread" daemon [_thread_blocked, id=64624, stack(0x000000f3fe700000,0x000000f3fe800000)]
  0x000002457c5f4310 JavaThread "Common-Cleaner" daemon [_thread_blocked, id=21640, stack(0x000000f3fe800000,0x000000f3fe900000)]
  0x000002457c5f4830 JavaThread "Notification Thread" daemon [_thread_blocked, id=13616, stack(0x000000f3fe900000,0x000000f3fea00000)]
  0x000002457df4e730 JavaThread "Daemon health stats" [_thread_blocked, id=18352, stack(0x000000f3ff100000,0x000000f3ff200000)]
  0x000002457c65be90 JavaThread "Incoming local TCP Connector on port 57891" [_thread_in_native, id=61620, stack(0x000000f3feb00000,0x000000f3fec00000)]
  0x000002457e17d890 JavaThread "Daemon periodic checks" [_thread_blocked, id=64932, stack(0x000000f3ff200000,0x000000f3ff300000)]
  0x000002457db9dd10 JavaThread "Daemon" [_thread_blocked, id=68408, stack(0x000000f3ff300000,0x000000f3ff400000)]
  0x000002457db9e230 JavaThread "Handler for socket connection from /127.0.0.1:57891 to /127.0.0.1:57892" [_thread_in_native, id=24776, stack(0x000000f3ff400000,0x000000f3ff500000)]
  0x000002457db9ed10 JavaThread "Cancel handler" [_thread_blocked, id=63108, stack(0x000000f3ff500000,0x000000f3ff600000)]
  0x000002457db08840 JavaThread "Daemon worker" [_thread_in_vm, id=60268, stack(0x000000f3ff600000,0x000000f3ff700000)]
  0x000002457e31f140 JavaThread "Asynchronous log dispatcher for DefaultDaemonConnection: socket connection from /127.0.0.1:57891 to /127.0.0.1:57892" [_thread_blocked, id=54440, stack(0x000000f3ff700000,0x000000f3ff800000)]
  0x000002457ddfa2b0 JavaThread "Stdin handler" [_thread_blocked, id=67708, stack(0x000000f3ff800000,0x000000f3ff900000)]
  0x000002457ddf9d60 JavaThread "Daemon client event forwarder" [_thread_blocked, id=3800, stack(0x000000f3ff900000,0x000000f3ffa00000)]
  0x000002457ddfb2a0 JavaThread "Cache worker for journal cache (C:\Users\User\.gradle\caches\journal-1)" [_thread_blocked, id=14216, stack(0x000000f3ffa00000,0x000000f3ffb00000)]
  0x000002457ddfb7f0 JavaThread "File lock request listener" [_thread_in_native, id=30308, stack(0x000000f3ffb00000,0x000000f3ffc00000)]
  0x000002457ddfa800 JavaThread "Cache worker for file hash cache (C:\Users\User\.gradle\caches\7.1\fileHashes)" [_thread_blocked, id=59984, stack(0x000000f3ffc00000,0x000000f3ffd00000)]
  0x000002457e950880 JavaThread "C2 CompilerThread1" daemon [_thread_in_native, id=49292, stack(0x000000f3ffd00000,0x000000f3ffe00000)]
=>0x000002457f099740 JavaThread "C2 CompilerThread2" daemon [_thread_in_native, id=6076, stack(0x000000f3ffe00000,0x000000f3fff00000)]
  0x000002457ddf8d70 JavaThread "Cache worker for file hash cache (C:\Users\User\Desktop\minerip\Alchemist\.gradle\7.1\fileHashes)" [_thread_blocked, id=57084, stack(0x000000f3fff00000,0x000000f400000000)]
  0x000002457ddf82d0 JavaThread "File watcher server" daemon [_thread_in_native, id=47008, stack(0x000000f380000000,0x000000f380100000)]
  0x000002457ddfad50 JavaThread "File watcher consumer" daemon [_thread_blocked, id=59896, stack(0x000000f380100000,0x000000f380200000)]
  0x000002457ddf8820 JavaThread "Cache worker for checksums cache (C:\Users\User\Desktop\minerip\Alchemist\.gradle\checksums)" [_thread_blocked, id=51952, stack(0x000000f380200000,0x000000f380300000)]
  0x000002457ddf92c0 JavaThread "Cache worker for cache directory md-supplier (C:\Users\User\.gradle\caches\7.1\md-supplier)" [_thread_blocked, id=19628, stack(0x000000f380300000,0x000000f380400000)]
  0x000002457ddf9810 JavaThread "Cache worker for cache directory md-rule (C:\Users\User\.gradle\caches\7.1\md-rule)" [_thread_blocked, id=47620, stack(0x000000f380400000,0x000000f380500000)]
  0x0000024510dcd800 JavaThread "Cache worker for execution history cache (C:\Users\User\.gradle\caches\7.1\executionHistory)" [_thread_blocked, id=59768, stack(0x000000f380500000,0x000000f380600000)]
  0x0000024510dcc810 JavaThread "jar transforms" [_thread_blocked, id=18644, stack(0x000000f380900000,0x000000f380a00000)]
  0x0000024510dcdd50 JavaThread "jar transforms Thread 2" [_thread_blocked, id=18648, stack(0x000000f380a00000,0x000000f380b00000)]
  0x0000024510dd3250 JavaThread "Cache worker for file content cache (C:\Users\User\.gradle\caches\7.1\fileContent)" [_thread_blocked, id=3092, stack(0x000000f380b00000,0x000000f380c00000)]
  0x0000024510dcd2b0 JavaThread "jar transforms Thread 3" [_thread_blocked, id=63644, stack(0x000000f380c00000,0x000000f380d00000)]
  0x0000024510dcf290 JavaThread "jar transforms Thread 4" [_thread_blocked, id=52824, stack(0x000000f380d00000,0x000000f380e00000)]
  0x0000024510dd1270 JavaThread "jar transforms Thread 5" [_thread_blocked, id=40216, stack(0x000000f380e00000,0x000000f380f00000)]
  0x0000024510dd27b0 JavaThread "jar transforms Thread 6" [_thread_blocked, id=64920, stack(0x000000f380f00000,0x000000f381000000)]
  0x0000024510dd2d00 JavaThread "jar transforms Thread 7" [_thread_blocked, id=18184, stack(0x000000f381000000,0x000000f381100000)]
  0x0000024510dd17c0 JavaThread "jar transforms Thread 8" [_thread_blocked, id=67596, stack(0x000000f381100000,0x000000f381200000)]
  0x0000024510dd2260 JavaThread "Cache worker for dependencies-accessors (C:\Users\User\Desktop\minerip\Alchemist\.gradle\7.1\dependencies-accessors)" [_thread_blocked, id=67900, stack(0x000000f381200000,0x000000f381300000)]
  0x0000024510dcfd30 JavaThread "Cache worker for Build Output Cleanup Cache (C:\Users\User\Desktop\minerip\Alchemist\.gradle\buildOutputCleanup)" [_thread_blocked, id=18680, stack(0x000000f381300000,0x000000f381400000)]
  0x0000024510dd37a0 JavaThread "Unconstrained build operations" [_thread_blocked, id=15812, stack(0x000000f381400000,0x000000f381500000)]
  0x0000024510dd0280 JavaThread "Unconstrained build operations Thread 2" [_thread_blocked, id=18684, stack(0x000000f381500000,0x000000f381600000)]
  0x0000024510dd3cf0 JavaThread "Unconstrained build operations Thread 3" [_thread_blocked, id=65524, stack(0x000000f381600000,0x000000f381700000)]
  0x0000024510dd4240 JavaThread "Unconstrained build operations Thread 4" [_thread_blocked, id=67280, stack(0x000000f381700000,0x000000f381800000)]
  0x0000024510dcf7e0 JavaThread "Unconstrained build operations Thread 5" [_thread_blocked, id=18236, stack(0x000000f381800000,0x000000f381900000)]
  0x0000024510dd07d0 JavaThread "Unconstrained build operations Thread 6" [_thread_blocked, id=67540, stack(0x000000f381900000,0x000000f381a00000)]
  0x0000024510dd0d20 JavaThread "Unconstrained build operations Thread 7" [_thread_blocked, id=61260, stack(0x000000f381a00000,0x000000f381b00000)]
  0x0000024510dd1d10 JavaThread "Unconstrained build operations Thread 8" [_thread_blocked, id=68068, stack(0x000000f381b00000,0x000000f381c00000)]
  0x0000024510dccd60 JavaThread "Unconstrained build operations Thread 9" [_thread_blocked, id=66480, stack(0x000000f381c00000,0x000000f381d00000)]
  0x000002451022f430 JavaThread "Unconstrained build operations Thread 10" [_thread_blocked, id=47328, stack(0x000000f381d00000,0x000000f381e00000)]
  0x000002451022f980 JavaThread "Unconstrained build operations Thread 11" [_thread_blocked, id=18776, stack(0x000000f381e00000,0x000000f381f00000)]
  0x0000024510231410 JavaThread "Unconstrained build operations Thread 12" [_thread_blocked, id=18780, stack(0x000000f381f00000,0x000000f382000000)]
  0x000002451022fed0 JavaThread "Unconstrained build operations Thread 13" [_thread_blocked, id=55004, stack(0x000000f382000000,0x000000f382100000)]
  0x0000024510231960 JavaThread "Unconstrained build operations Thread 14" [_thread_blocked, id=32480, stack(0x000000f382100000,0x000000f382200000)]
  0x000002451022d9a0 JavaThread "Unconstrained build operations Thread 15" [_thread_blocked, id=13160, stack(0x000000f382200000,0x000000f382300000)]
  0x0000024510231eb0 JavaThread "Unconstrained build operations Thread 16" [_thread_blocked, id=18660, stack(0x000000f382300000,0x000000f382400000)]
  0x00000245102333f0 JavaThread "Unconstrained build operations Thread 17" [_thread_blocked, id=18796, stack(0x000000f382400000,0x000000f382500000)]
  0x0000024510230420 JavaThread "Unconstrained build operations Thread 18" [_thread_blocked, id=18800, stack(0x000000f382500000,0x000000f382600000)]
  0x0000024510232400 JavaThread "Unconstrained build operations Thread 19" [_thread_blocked, id=18772, stack(0x000000f382600000,0x000000f382700000)]
  0x0000024510230970 JavaThread "Unconstrained build operations Thread 20" [_thread_blocked, id=37028, stack(0x000000f382700000,0x000000f382800000)]
  0x000002451022def0 JavaThread "Unconstrained build operations Thread 21" [_thread_blocked, id=65596, stack(0x000000f382800000,0x000000f382900000)]
  0x0000024510232950 JavaThread "Unconstrained build operations Thread 22" [_thread_blocked, id=39720, stack(0x000000f382900000,0x000000f382a00000)]
  0x000002451022e440 JavaThread "Unconstrained build operations Thread 23" [_thread_blocked, id=48156, stack(0x000000f382a00000,0x000000f382b00000)]
  0x0000024510230ec0 JavaThread "Unconstrained build operations Thread 24" [_thread_blocked, id=55392, stack(0x000000f382b00000,0x000000f382c00000)]
  0x00000245102343e0 JavaThread "Unconstrained build operations Thread 25" [_thread_blocked, id=18696, stack(0x000000f382c00000,0x000000f382d00000)]
  0x0000024510232ea0 JavaThread "Unconstrained build operations Thread 26" [_thread_blocked, id=51644, stack(0x000000f382d00000,0x000000f382e00000)]
  0x000002451022d450 JavaThread "Unconstrained build operations Thread 27" [_thread_blocked, id=63968, stack(0x000000f382e00000,0x000000f382f00000)]
  0x000002451022e990 JavaThread "Unconstrained build operations Thread 28" [_thread_blocked, id=61292, stack(0x000000f382f00000,0x000000f383000000)]
  0x0000024510234930 JavaThread "Unconstrained build operations Thread 29" [_thread_blocked, id=18788, stack(0x000000f383000000,0x000000f383100000)]
  0x000002451022eee0 JavaThread "Unconstrained build operations Thread 30" [_thread_blocked, id=59176, stack(0x000000f383100000,0x000000f383200000)]
  0x0000024510233940 JavaThread "Unconstrained build operations Thread 31" [_thread_blocked, id=63340, stack(0x000000f383200000,0x000000f383300000)]
  0x0000024510233e90 JavaThread "Unconstrained build operations Thread 32" [_thread_blocked, id=67172, stack(0x000000f383300000,0x000000f383400000)]
  0x000002451022cf00 JavaThread "Unconstrained build operations Thread 33" [_thread_blocked, id=61912, stack(0x000000f383400000,0x000000f383500000)]
  0x000002450fd07020 JavaThread "Unconstrained build operations Thread 34" [_thread_blocked, id=13684, stack(0x000000f383500000,0x000000f383600000)]
  0x000002450fd025c0 JavaThread "Unconstrained build operations Thread 35" [_thread_blocked, id=57244, stack(0x000000f383600000,0x000000f383700000)]
  0x000002450fd035b0 JavaThread "Unconstrained build operations Thread 36" [_thread_blocked, id=14944, stack(0x000000f383700000,0x000000f383800000)]
  0x000002450fd03060 JavaThread "Unconstrained build operations Thread 37" [_thread_blocked, id=50096, stack(0x000000f383800000,0x000000f383900000)]
  0x000002450fd08010 JavaThread "Unconstrained build operations Thread 38" [_thread_blocked, id=68096, stack(0x000000f383900000,0x000000f383a00000)]
  0x000002450fd07570 JavaThread "Unconstrained build operations Thread 39" [_thread_blocked, id=63496, stack(0x000000f383a00000,0x000000f383b00000)]
  0x000002450fd02070 JavaThread "Unconstrained build operations Thread 40" [_thread_blocked, id=65360, stack(0x000000f383b00000,0x000000f383c00000)]
  0x000002450fd08560 JavaThread "Unconstrained build operations Thread 41" [_thread_blocked, id=21440, stack(0x000000f383c00000,0x000000f383d00000)]
  0x000002450fd08ab0 JavaThread "Unconstrained build operations Thread 42" [_thread_blocked, id=25884, stack(0x000000f383d00000,0x000000f383e00000)]
  0x000002450fd07ac0 JavaThread "Unconstrained build operations Thread 43" [_thread_blocked, id=66796, stack(0x000000f383e00000,0x000000f383f00000)]
  0x000002450fd06030 JavaThread "Unconstrained build operations Thread 44" [_thread_blocked, id=3328, stack(0x000000f383f00000,0x000000f384000000)]
  0x000002450fd09aa0 JavaThread "Unconstrained build operations Thread 45" [_thread_blocked, id=68496, stack(0x000000f384000000,0x000000f384100000)]
  0x000002450fd045a0 JavaThread "Unconstrained build operations Thread 46" [_thread_blocked, id=57568, stack(0x000000f384100000,0x000000f384200000)]
  0x000002450fd09000 JavaThread "build event listener" [_thread_blocked, id=57308, stack(0x000000f384200000,0x000000f384300000)]
  0x000002450fd04050 JavaThread "Memory manager" [_thread_blocked, id=60868, stack(0x000000f384300000,0x000000f384400000)]

Other Threads:
  0x000002457bad58b0 VMThread "VM Thread" [stack: 0x000000f3fde00000,0x000000f3fdf00000] [id=50272]
  0x000002457c5f8d60 WatcherThread [stack: 0x000000f3fea00000,0x000000f3feb00000] [id=13124]
  0x000002456f102e80 GCTaskThread "GC Thread#0" [stack: 0x000000f3fd900000,0x000000f3fda00000] [id=58472]
  0x000002457d10ee70 GCTaskThread "GC Thread#1" [stack: 0x000000f3fec00000,0x000000f3fed00000] [id=61384]
  0x000002457d10f180 GCTaskThread "GC Thread#2" [stack: 0x000000f3fed00000,0x000000f3fee00000] [id=47184]
  0x000002457cf9f310 GCTaskThread "GC Thread#3" [stack: 0x000000f3fee00000,0x000000f3fef00000] [id=58144]
  0x000002457cf9f620 GCTaskThread "GC Thread#4" [stack: 0x000000f3fef00000,0x000000f3ff000000] [id=15176]
  0x000002457cf9f930 GCTaskThread "GC Thread#5" [stack: 0x000000f3ff000000,0x000000f3ff100000] [id=57004]
  0x000002457e820680 GCTaskThread "GC Thread#6" [stack: 0x000000f380600000,0x000000f380700000] [id=67228]
  0x000002457e820990 GCTaskThread "GC Thread#7" [stack: 0x000000f380700000,0x000000f380800000] [id=50204]
  0x000002456f108b80 ConcurrentGCThread "G1 Main Marker" [stack: 0x000000f3fda00000,0x000000f3fdb00000] [id=59416]
  0x000002456f109340 ConcurrentGCThread "G1 Conc#0" [stack: 0x000000f3fdb00000,0x000000f3fdc00000] [id=53480]
  0x000002457e820ca0 ConcurrentGCThread "G1 Conc#1" [stack: 0x000000f380800000,0x000000f380900000] [id=43780]
  0x000002457b992110 ConcurrentGCThread "G1 Refine#0" [stack: 0x000000f3fdc00000,0x000000f3fdd00000] [id=58120]
  0x000002451169f310 ConcurrentGCThread "G1 Refine#1" [stack: 0x000000f384400000,0x000000f384500000] [id=61000]
  0x00000245116a0690 ConcurrentGCThread "G1 Refine#2" [stack: 0x000000f384500000,0x000000f384600000] [id=3728]
  0x00000245116a0350 ConcurrentGCThread "G1 Refine#3" [stack: 0x000000f384600000,0x000000f384700000] [id=55664]
  0x00000245116a09d0 ConcurrentGCThread "G1 Refine#4" [stack: 0x000000f384700000,0x000000f384800000] [id=63452]
  0x000002457b992840 ConcurrentGCThread "G1 Service" [stack: 0x000000f3fdd00000,0x000000f3fde00000] [id=34788]

Threads with active compile tasks:
C2 CompilerThread0     8912 6228       4       sun.reflect.generics.parser.SignatureParser::parsePackageNameAndSimpleClassTypeSignature (119 bytes)
C2 CompilerThread1     8913 6243       4       org.gradle.internal.reflect.ClassInspector::inspectClass (179 bytes)
C2 CompilerThread2     8914 6177       4       java.lang.String::split (327 bytes)

VM state: not at safepoint (normal execution)

VM Mutex/Monitor currently owned by a thread: None

Heap address: 0x00000000e0000000, size: 512 MB, Compressed Oops mode: 32-bit

CDS archive(s) mapped at: [0x0000000800000000-0x0000000800be0000-0x0000000800be0000), size 12451840, SharedBaseAddress: 0x0000000800000000, ArchiveRelocationMode: 0.
Compressed class space mapped at: 0x0000000800c00000-0x000000080dc00000, reserved size: 218103808
Narrow klass base: 0x0000000800000000, Narrow klass shift: 3, Narrow klass range: 0x100000000

GC Precious Log:
 CPUs: 8 total, 8 available
 Memory: 32594M
 Large Page Support: Disabled
 NUMA Support: Disabled
 Compressed Oops: Enabled (32-bit)
 Heap Region Size: 1M
 Heap Min Capacity: 256M
 Heap Initial Capacity: 256M
 Heap Max Capacity: 512M
 Pre-touch: Disabled
 Parallel Workers: 8
 Concurrent Workers: 2
 Concurrent Refinement Workers: 8
 Periodic GC: Disabled

Heap:
 garbage-first heap   total 262144K, used 105057K [0x00000000e0000000, 0x0000000100000000)
  region size 1024K, 78 young (79872K), 20 survivors (20480K)
 Metaspace       used 52105K, committed 52672K, reserved 262144K
  class space    used 6861K, committed 7168K, reserved 212992K

Heap Regions: E=young(eden), S=young(survivor), O=old, HS=humongous(starts), HC=humongous(continues), CS=collection set, F=free, OA=open archive, CA=closed archive, TAMS=top-at-mark-start (previous, next)
|   0|0x00000000e0000000, 0x00000000e0100000, 0x00000000e0100000|100%|HS|  |TAMS 0x00000000e0000000, 0x00000000e0000000| Complete 
|   1|0x00000000e0100000, 0x00000000e0200000, 0x00000000e0200000|100%| O|  |TAMS 0x00000000e0200000, 0x00000000e0100000| Untracked 
|   2|0x00000000e0200000, 0x00000000e0300000, 0x00000000e0300000|100%| O|  |TAMS 0x00000000e0300000, 0x00000000e0200000| Untracked 
|   3|0x00000000e0300000, 0x00000000e0400000, 0x00000000e0400000|100%|HS|  |TAMS 0x00000000e0400000, 0x00000000e0300000| Complete 
|   4|0x00000000e0400000, 0x00000000e0500000, 0x00000000e0500000|100%|HC|  |TAMS 0x00000000e0500000, 0x00000000e0400000| Complete 
|   5|0x00000000e0500000, 0x00000000e0600000, 0x00000000e0600000|100%|HC|  |TAMS 0x00000000e0600000, 0x00000000e0500000| Complete 
|   6|0x00000000e0600000, 0x00000000e0700000, 0x00000000e0700000|100%| O|  |TAMS 0x00000000e0700000, 0x00000000e0600000| Untracked 
|   7|0x00000000e0700000, 0x00000000e0800000, 0x00000000e0800000|100%| O|  |TAMS 0x00000000e0800000, 0x00000000e0700000| Untracked 
|   8|0x00000000e0800000, 0x00000000e0900000, 0x00000000e0900000|100%| O|  |TAMS 0x00000000e0900000, 0x00000000e0800000| Untracked 
|   9|0x00000000e0900000, 0x00000000e0a00000, 0x00000000e0a00000|100%| O|  |TAMS 0x00000000e09d1000, 0x00000000e0900000| Untracked 
|  10|0x00000000e0a00000, 0x00000000e0b00000, 0x00000000e0b00000|100%|HS|  |TAMS 0x00000000e0a00000, 0x00000000e0a00000| Complete 
|  11|0x00000000e0b00000, 0x00000000e0c00000, 0x00000000e0c00000|100%|HC|  |TAMS 0x00000000e0b00000, 0x00000000e0b00000| Complete 
|  12|0x00000000e0c00000, 0x00000000e0d00000, 0x00000000e0d00000|100%|HC|  |TAMS 0x00000000e0c00000, 0x00000000e0c00000| Complete 
|  13|0x00000000e0d00000, 0x00000000e0e00000, 0x00000000e0e00000|100%| O|  |TAMS 0x00000000e0d00000, 0x00000000e0d00000| Untracked 
|  14|0x00000000e0e00000, 0x00000000e0f00000, 0x00000000e0f00000|100%| O|  |TAMS 0x00000000e0e00000, 0x00000000e0e00000| Untracked 
|  15|0x00000000e0f00000, 0x00000000e1000000, 0x00000000e1000000|100%| O|  |TAMS 0x00000000e0f00000, 0x00000000e0f00000| Untracked 
|  16|0x00000000e1000000, 0x00000000e1100000, 0x00000000e1100000|100%| O|  |TAMS 0x00000000e1000000, 0x00000000e1000000| Untracked 
|  17|0x00000000e1100000, 0x00000000e1200000, 0x00000000e1200000|100%| O|  |TAMS 0x00000000e1100000, 0x00000000e1100000| Untracked 
|  18|0x00000000e1200000, 0x00000000e1300000, 0x00000000e1300000|100%| O|  |TAMS 0x00000000e1200000, 0x00000000e1200000| Untracked 
|  19|0x00000000e1300000, 0x00000000e1400000, 0x00000000e1400000|100%| O|  |TAMS 0x00000000e1300000, 0x00000000e1300000| Untracked 
|  20|0x00000000e1400000, 0x00000000e1500000, 0x00000000e1500000|100%| O|  |TAMS 0x00000000e1400000, 0x00000000e1400000| Untracked 
|  21|0x00000000e1500000, 0x00000000e1600000, 0x00000000e1600000|100%| O|  |TAMS 0x00000000e1500000, 0x00000000e1500000| Untracked 
|  22|0x00000000e1600000, 0x00000000e1700000, 0x00000000e1700000|100%| O|  |TAMS 0x00000000e1600000, 0x00000000e1600000| Untracked 
|  23|0x00000000e1700000, 0x00000000e1800000, 0x00000000e1800000|100%| O|  |TAMS 0x00000000e1700000, 0x00000000e1700000| Untracked 
|  24|0x00000000e1800000, 0x00000000e1900000, 0x00000000e1900000|100%| O|  |TAMS 0x00000000e1800000, 0x00000000e1800000| Untracked 
|  25|0x00000000e1900000, 0x00000000e1998400, 0x00000000e1a00000| 59%| O|  |TAMS 0x00000000e1900000, 0x00000000e1900000| Untracked 
|  26|0x00000000e1a00000, 0x00000000e1a00000, 0x00000000e1b00000|  0%| F|  |TAMS 0x00000000e1a00000, 0x00000000e1a00000| Untracked 
|  27|0x00000000e1b00000, 0x00000000e1b00000, 0x00000000e1c00000|  0%| F|  |TAMS 0x00000000e1b00000, 0x00000000e1b00000| Untracked 
|  28|0x00000000e1c00000, 0x00000000e1c00000, 0x00000000e1d00000|  0%| F|  |TAMS 0x00000000e1c00000, 0x00000000e1c00000| Untracked 
|  29|0x00000000e1d00000, 0x00000000e1d00000, 0x00000000e1e00000|  0%| F|  |TAMS 0x00000000e1d00000, 0x00000000e1d00000| Untracked 
|  30|0x00000000e1e00000, 0x00000000e1e00000, 0x00000000e1f00000|  0%| F|  |TAMS 0x00000000e1e00000, 0x00000000e1e00000| Untracked 
|  31|0x00000000e1f00000, 0x00000000e1f00000, 0x00000000e2000000|  0%| F|  |TAMS 0x00000000e1f00000, 0x00000000e1f00000| Untracked 
|  32|0x00000000e2000000, 0x00000000e2000000, 0x00000000e2100000|  0%| F|  |TAMS 0x00000000e2000000, 0x00000000e2000000| Untracked 
|  33|0x00000000e2100000, 0x00000000e2100000, 0x00000000e2200000|  0%| F|  |TAMS 0x00000000e2100000, 0x00000000e2100000| Untracked 
|  34|0x00000000e2200000, 0x00000000e2200000, 0x00000000e2300000|  0%| F|  |TAMS 0x00000000e2200000, 0x00000000e2200000| Untracked 
|  35|0x00000000e2300000, 0x00000000e2300000, 0x00000000e2400000|  0%| F|  |TAMS 0x00000000e2300000, 0x00000000e2300000| Untracked 
|  36|0x00000000e2400000, 0x00000000e2400000, 0x00000000e2500000|  0%| F|  |TAMS 0x00000000e2400000, 0x00000000e2400000| Untracked 
|  37|0x00000000e2500000, 0x00000000e2500000, 0x00000000e2600000|  0%| F|  |TAMS 0x00000000e2500000, 0x00000000e2500000| Untracked 
|  38|0x00000000e2600000, 0x00000000e2600000, 0x00000000e2700000|  0%| F|  |TAMS 0x00000000e2600000, 0x00000000e2600000| Untracked 
|  39|0x00000000e2700000, 0x00000000e2700000, 0x00000000e2800000|  0%| F|  |TAMS 0x00000000e2700000, 0x00000000e2700000| Untracked 
|  40|0x00000000e2800000, 0x00000000e2800000, 0x00000000e2900000|  0%| F|  |TAMS 0x00000000e2800000, 0x00000000e2800000| Untracked 
|  41|0x00000000e2900000, 0x00000000e2900000, 0x00000000e2a00000|  0%| F|  |TAMS 0x00000000e2900000, 0x00000000e2900000| Untracked 
|  42|0x00000000e2a00000, 0x00000000e2a00000, 0x00000000e2b00000|  0%| F|  |TAMS 0x00000000e2a00000, 0x00000000e2a00000| Untracked 
|  43|0x00000000e2b00000, 0x00000000e2b00000, 0x00000000e2c00000|  0%| F|  |TAMS 0x00000000e2b00000, 0x00000000e2b00000| Untracked 
|  44|0x00000000e2c00000, 0x00000000e2c00000, 0x00000000e2d00000|  0%| F|  |TAMS 0x00000000e2c00000, 0x00000000e2c00000| Untracked 
|  45|0x00000000e2d00000, 0x00000000e2d00000, 0x00000000e2e00000|  0%| F|  |TAMS 0x00000000e2d00000, 0x00000000e2d00000| Untracked 
|  46|0x00000000e2e00000, 0x00000000e2e00000, 0x00000000e2f00000|  0%| F|  |TAMS 0x00000000e2e00000, 0x00000000e2e00000| Untracked 
|  47|0x00000000e2f00000, 0x00000000e2f00000, 0x00000000e3000000|  0%| F|  |TAMS 0x00000000e2f00000, 0x00000000e2f00000| Untracked 
|  48|0x00000000e3000000, 0x00000000e3000000, 0x00000000e3100000|  0%| F|  |TAMS 0x00000000e3000000, 0x00000000e3000000| Untracked 
|  49|0x00000000e3100000, 0x00000000e3100000, 0x00000000e3200000|  0%| F|  |TAMS 0x00000000e3100000, 0x00000000e3100000| Untracked 
|  50|0x00000000e3200000, 0x00000000e3200000, 0x00000000e3300000|  0%| F|  |TAMS 0x00000000e3200000, 0x00000000e3200000| Untracked 
|  51|0x00000000e3300000, 0x00000000e3300000, 0x00000000e3400000|  0%| F|  |TAMS 0x00000000e3300000, 0x00000000e3300000| Untracked 
|  52|0x00000000e3400000, 0x00000000e3400000, 0x00000000e3500000|  0%| F|  |TAMS 0x00000000e3400000, 0x00000000e3400000| Untracked 
|  53|0x00000000e3500000, 0x00000000e3500000, 0x00000000e3600000|  0%| F|  |TAMS 0x00000000e3500000, 0x00000000e3500000| Untracked 
|  54|0x00000000e3600000, 0x00000000e3600000, 0x00000000e3700000|  0%| F|  |TAMS 0x00000000e3600000, 0x00000000e3600000| Untracked 
|  55|0x00000000e3700000, 0x00000000e3700000, 0x00000000e3800000|  0%| F|  |TAMS 0x00000000e3700000, 0x00000000e3700000| Untracked 
|  56|0x00000000e3800000, 0x00000000e3800000, 0x00000000e3900000|  0%| F|  |TAMS 0x00000000e3800000, 0x00000000e3800000| Untracked 
|  57|0x00000000e3900000, 0x00000000e3900000, 0x00000000e3a00000|  0%| F|  |TAMS 0x00000000e3900000, 0x00000000e3900000| Untracked 
|  58|0x00000000e3a00000, 0x00000000e3a00000, 0x00000000e3b00000|  0%| F|  |TAMS 0x00000000e3a00000, 0x00000000e3a00000| Untracked 
|  59|0x00000000e3b00000, 0x00000000e3b00000, 0x00000000e3c00000|  0%| F|  |TAMS 0x00000000e3b00000, 0x00000000e3b00000| Untracked 
|  60|0x00000000e3c00000, 0x00000000e3c00000, 0x00000000e3d00000|  0%| F|  |TAMS 0x00000000e3c00000, 0x00000000e3c00000| Untracked 
|  61|0x00000000e3d00000, 0x00000000e3d00000, 0x00000000e3e00000|  0%| F|  |TAMS 0x00000000e3d00000, 0x00000000e3d00000| Untracked 
|  62|0x00000000e3e00000, 0x00000000e3e00000, 0x00000000e3f00000|  0%| F|  |TAMS 0x00000000e3e00000, 0x00000000e3e00000| Untracked 
|  63|0x00000000e3f00000, 0x00000000e3f00000, 0x00000000e4000000|  0%| F|  |TAMS 0x00000000e3f00000, 0x00000000e3f00000| Untracked 
|  64|0x00000000e4000000, 0x00000000e4000000, 0x00000000e4100000|  0%| F|  |TAMS 0x00000000e4000000, 0x00000000e4000000| Untracked 
|  65|0x00000000e4100000, 0x00000000e4100000, 0x00000000e4200000|  0%| F|  |TAMS 0x00000000e4100000, 0x00000000e4100000| Untracked 
|  66|0x00000000e4200000, 0x00000000e4200000, 0x00000000e4300000|  0%| F|  |TAMS 0x00000000e4200000, 0x00000000e4200000| Untracked 
|  67|0x00000000e4300000, 0x00000000e4300000, 0x00000000e4400000|  0%| F|  |TAMS 0x00000000e4300000, 0x00000000e4300000| Untracked 
|  68|0x00000000e4400000, 0x00000000e4400000, 0x00000000e4500000|  0%| F|  |TAMS 0x00000000e4400000, 0x00000000e4400000| Untracked 
|  69|0x00000000e4500000, 0x00000000e4500000, 0x00000000e4600000|  0%| F|  |TAMS 0x00000000e4500000, 0x00000000e4500000| Untracked 
|  70|0x00000000e4600000, 0x00000000e4600000, 0x00000000e4700000|  0%| F|  |TAMS 0x00000000e4600000, 0x00000000e4600000| Untracked 
|  71|0x00000000e4700000, 0x00000000e4700000, 0x00000000e4800000|  0%| F|  |TAMS 0x00000000e4700000, 0x00000000e4700000| Untracked 
|  72|0x00000000e4800000, 0x00000000e4800000, 0x00000000e4900000|  0%| F|  |TAMS 0x00000000e4800000, 0x00000000e4800000| Untracked 
|  73|0x00000000e4900000, 0x00000000e4900000, 0x00000000e4a00000|  0%| F|  |TAMS 0x00000000e4900000, 0x00000000e4900000| Untracked 
|  74|0x00000000e4a00000, 0x00000000e4a00000, 0x00000000e4b00000|  0%| F|  |TAMS 0x00000000e4a00000, 0x00000000e4a00000| Untracked 
|  75|0x00000000e4b00000, 0x00000000e4b00000, 0x00000000e4c00000|  0%| F|  |TAMS 0x00000000e4b00000, 0x00000000e4b00000| Untracked 
|  76|0x00000000e4c00000, 0x00000000e4c00000, 0x00000000e4d00000|  0%| F|  |TAMS 0x00000000e4c00000, 0x00000000e4c00000| Untracked 
|  77|0x00000000e4d00000, 0x00000000e4d00000, 0x00000000e4e00000|  0%| F|  |TAMS 0x00000000e4d00000, 0x00000000e4d00000| Untracked 
|  78|0x00000000e4e00000, 0x00000000e4e00000, 0x00000000e4f00000|  0%| F|  |TAMS 0x00000000e4e00000, 0x00000000e4e00000| Untracked 
|  79|0x00000000e4f00000, 0x00000000e4f00000, 0x00000000e5000000|  0%| F|  |TAMS 0x00000000e4f00000, 0x00000000e4f00000| Untracked 
|  80|0x00000000e5000000, 0x00000000e5000000, 0x00000000e5100000|  0%| F|  |TAMS 0x00000000e5000000, 0x00000000e5000000| Untracked 
|  81|0x00000000e5100000, 0x00000000e5100000, 0x00000000e5200000|  0%| F|  |TAMS 0x00000000e5100000, 0x00000000e5100000| Untracked 
|  82|0x00000000e5200000, 0x00000000e5200000, 0x00000000e5300000|  0%| F|  |TAMS 0x00000000e5200000, 0x00000000e5200000| Untracked 
|  83|0x00000000e5300000, 0x00000000e5400000, 0x00000000e5400000|100%| S|CS|TAMS 0x00000000e5300000, 0x00000000e5300000| Complete 
|  84|0x00000000e5400000, 0x00000000e5500000, 0x00000000e5500000|100%| S|CS|TAMS 0x00000000e5400000, 0x00000000e5400000| Complete 
|  85|0x00000000e5500000, 0x00000000e5600000, 0x00000000e5600000|100%| S|CS|TAMS 0x00000000e5500000, 0x00000000e5500000| Complete 
|  86|0x00000000e5600000, 0x00000000e5700000, 0x00000000e5700000|100%| S|CS|TAMS 0x00000000e5600000, 0x00000000e5600000| Complete 
|  87|0x00000000e5700000, 0x00000000e5800000, 0x00000000e5800000|100%| S|CS|TAMS 0x00000000e5700000, 0x00000000e5700000| Complete 
|  88|0x00000000e5800000, 0x00000000e5900000, 0x00000000e5900000|100%| S|CS|TAMS 0x00000000e5800000, 0x00000000e5800000| Complete 
|  89|0x00000000e5900000, 0x00000000e5a00000, 0x00000000e5a00000|100%| S|CS|TAMS 0x00000000e5900000, 0x00000000e5900000| Complete 
|  90|0x00000000e5a00000, 0x00000000e5b00000, 0x00000000e5b00000|100%| S|CS|TAMS 0x00000000e5a00000, 0x00000000e5a00000| Complete 
|  91|0x00000000e5b00000, 0x00000000e5c00000, 0x00000000e5c00000|100%| S|CS|TAMS 0x00000000e5b00000, 0x00000000e5b00000| Complete 
|  92|0x00000000e5c00000, 0x00000000e5d00000, 0x00000000e5d00000|100%| S|CS|TAMS 0x00000000e5c00000, 0x00000000e5c00000| Complete 
|  93|0x00000000e5d00000, 0x00000000e5e00000, 0x00000000e5e00000|100%| S|CS|TAMS 0x00000000e5d00000, 0x00000000e5d00000| Complete 
|  94|0x00000000e5e00000, 0x00000000e5f00000, 0x00000000e5f00000|100%| S|CS|TAMS 0x00000000e5e00000, 0x00000000e5e00000| Complete 
|  95|0x00000000e5f00000, 0x00000000e6000000, 0x00000000e6000000|100%| S|CS|TAMS 0x00000000e5f00000, 0x00000000e5f00000| Complete 
|  96|0x00000000e6000000, 0x00000000e6100000, 0x00000000e6100000|100%| S|CS|TAMS 0x00000000e6000000, 0x00000000e6000000| Complete 
|  97|0x00000000e6100000, 0x00000000e6200000, 0x00000000e6200000|100%| S|CS|TAMS 0x00000000e6100000, 0x00000000e6100000| Complete 
|  98|0x00000000e6200000, 0x00000000e6300000, 0x00000000e6300000|100%| S|CS|TAMS 0x00000000e6200000, 0x00000000e6200000| Complete 
|  99|0x00000000e6300000, 0x00000000e6400000, 0x00000000e6400000|100%| S|CS|TAMS 0x00000000e6300000, 0x00000000e6300000| Complete 
| 100|0x00000000e6400000, 0x00000000e6500000, 0x00000000e6500000|100%| S|CS|TAMS 0x00000000e6400000, 0x00000000e6400000| Complete 
| 101|0x00000000e6500000, 0x00000000e6600000, 0x00000000e6600000|100%| S|CS|TAMS 0x00000000e6500000, 0x00000000e6500000| Complete 
| 102|0x00000000e6600000, 0x00000000e6700000, 0x00000000e6700000|100%| S|CS|TAMS 0x00000000e6600000, 0x00000000e6600000| Complete 
| 103|0x00000000e6700000, 0x00000000e6700000, 0x00000000e6800000|  0%| F|  |TAMS 0x00000000e6700000, 0x00000000e6700000| Untracked 
| 104|0x00000000e6800000, 0x00000000e6800000, 0x00000000e6900000|  0%| F|  |TAMS 0x00000000e6800000, 0x00000000e6800000| Untracked 
| 105|0x00000000e6900000, 0x00000000e6900000, 0x00000000e6a00000|  0%| F|  |TAMS 0x00000000e6900000, 0x00000000e6900000| Untracked 
| 106|0x00000000e6a00000, 0x00000000e6a00000, 0x00000000e6b00000|  0%| F|  |TAMS 0x00000000e6a00000, 0x00000000e6a00000| Untracked 
| 107|0x00000000e6b00000, 0x00000000e6b00000, 0x00000000e6c00000|  0%| F|  |TAMS 0x00000000e6b00000, 0x00000000e6b00000| Untracked 
| 108|0x00000000e6c00000, 0x00000000e6c00000, 0x00000000e6d00000|  0%| F|  |TAMS 0x00000000e6c00000, 0x00000000e6c00000| Untracked 
| 109|0x00000000e6d00000, 0x00000000e6d00000, 0x00000000e6e00000|  0%| F|  |TAMS 0x00000000e6d00000, 0x00000000e6d00000| Untracked 
| 110|0x00000000e6e00000, 0x00000000e6e00000, 0x00000000e6f00000|  0%| F|  |TAMS 0x00000000e6e00000, 0x00000000e6e00000| Untracked 
| 111|0x00000000e6f00000, 0x00000000e6f00000, 0x00000000e7000000|  0%| F|  |TAMS 0x00000000e6f00000, 0x00000000e6f00000| Untracked 
| 112|0x00000000e7000000, 0x00000000e7000000, 0x00000000e7100000|  0%| F|  |TAMS 0x00000000e7000000, 0x00000000e7000000| Untracked 
| 113|0x00000000e7100000, 0x00000000e7100000, 0x00000000e7200000|  0%| F|  |TAMS 0x00000000e7100000, 0x00000000e7100000| Untracked 
| 114|0x00000000e7200000, 0x00000000e7200000, 0x00000000e7300000|  0%| F|  |TAMS 0x00000000e7200000, 0x00000000e7200000| Untracked 
| 115|0x00000000e7300000, 0x00000000e7300000, 0x00000000e7400000|  0%| F|  |TAMS 0x00000000e7300000, 0x00000000e7300000| Untracked 
| 116|0x00000000e7400000, 0x00000000e7400000, 0x00000000e7500000|  0%| F|  |TAMS 0x00000000e7400000, 0x00000000e7400000| Untracked 
| 117|0x00000000e7500000, 0x00000000e7500000, 0x00000000e7600000|  0%| F|  |TAMS 0x00000000e7500000, 0x00000000e7500000| Untracked 
| 118|0x00000000e7600000, 0x00000000e7600000, 0x00000000e7700000|  0%| F|  |TAMS 0x00000000e7600000, 0x00000000e7600000| Untracked 
| 119|0x00000000e7700000, 0x00000000e7700000, 0x00000000e7800000|  0%| F|  |TAMS 0x00000000e7700000, 0x00000000e7700000| Untracked 
| 120|0x00000000e7800000, 0x00000000e7800000, 0x00000000e7900000|  0%| F|  |TAMS 0x00000000e7800000, 0x00000000e7800000| Untracked 
| 121|0x00000000e7900000, 0x00000000e7900000, 0x00000000e7a00000|  0%| F|  |TAMS 0x00000000e7900000, 0x00000000e7900000| Untracked 
| 122|0x00000000e7a00000, 0x00000000e7a00000, 0x00000000e7b00000|  0%| F|  |TAMS 0x00000000e7a00000, 0x00000000e7a00000| Untracked 
| 123|0x00000000e7b00000, 0x00000000e7b00000, 0x00000000e7c00000|  0%| F|  |TAMS 0x00000000e7b00000, 0x00000000e7b00000| Untracked 
| 124|0x00000000e7c00000, 0x00000000e7c00000, 0x00000000e7d00000|  0%| F|  |TAMS 0x00000000e7c00000, 0x00000000e7c00000| Untracked 
| 125|0x00000000e7d00000, 0x00000000e7d00000, 0x00000000e7e00000|  0%| F|  |TAMS 0x00000000e7d00000, 0x00000000e7d00000| Untracked 
| 126|0x00000000e7e00000, 0x00000000e7e00000, 0x00000000e7f00000|  0%| F|  |TAMS 0x00000000e7e00000, 0x00000000e7e00000| Untracked 
| 127|0x00000000e7f00000, 0x00000000e7f00000, 0x00000000e8000000|  0%| F|  |TAMS 0x00000000e7f00000, 0x00000000e7f00000| Untracked 
| 128|0x00000000e8000000, 0x00000000e8000000, 0x00000000e8100000|  0%| F|  |TAMS 0x00000000e8000000, 0x00000000e8000000| Untracked 
| 129|0x00000000e8100000, 0x00000000e8100000, 0x00000000e8200000|  0%| F|  |TAMS 0x00000000e8100000, 0x00000000e8100000| Untracked 
| 130|0x00000000e8200000, 0x00000000e8200000, 0x00000000e8300000|  0%| F|  |TAMS 0x00000000e8200000, 0x00000000e8200000| Untracked 
| 131|0x00000000e8300000, 0x00000000e8300000, 0x00000000e8400000|  0%| F|  |TAMS 0x00000000e8300000, 0x00000000e8300000| Untracked 
| 132|0x00000000e8400000, 0x00000000e8400000, 0x00000000e8500000|  0%| F|  |TAMS 0x00000000e8400000, 0x00000000e8400000| Untracked 
| 133|0x00000000e8500000, 0x00000000e8500000, 0x00000000e8600000|  0%| F|  |TAMS 0x00000000e8500000, 0x00000000e8500000| Untracked 
| 134|0x00000000e8600000, 0x00000000e8600000, 0x00000000e8700000|  0%| F|  |TAMS 0x00000000e8600000, 0x00000000e8600000| Untracked 
| 135|0x00000000e8700000, 0x00000000e8700000, 0x00000000e8800000|  0%| F|  |TAMS 0x00000000e8700000, 0x00000000e8700000| Untracked 
| 136|0x00000000e8800000, 0x00000000e8800000, 0x00000000e8900000|  0%| F|  |TAMS 0x00000000e8800000, 0x00000000e8800000| Untracked 
| 137|0x00000000e8900000, 0x00000000e8900000, 0x00000000e8a00000|  0%| F|  |TAMS 0x00000000e8900000, 0x00000000e8900000| Untracked 
| 138|0x00000000e8a00000, 0x00000000e8a00000, 0x00000000e8b00000|  0%| F|  |TAMS 0x00000000e8a00000, 0x00000000e8a00000| Untracked 
| 139|0x00000000e8b00000, 0x00000000e8b00000, 0x00000000e8c00000|  0%| F|  |TAMS 0x00000000e8b00000, 0x00000000e8b00000| Untracked 
| 140|0x00000000e8c00000, 0x00000000e8c00000, 0x00000000e8d00000|  0%| F|  |TAMS 0x00000000e8c00000, 0x00000000e8c00000| Untracked 
| 141|0x00000000e8d00000, 0x00000000e8d00000, 0x00000000e8e00000|  0%| F|  |TAMS 0x00000000e8d00000, 0x00000000e8d00000| Untracked 
| 142|0x00000000e8e00000, 0x00000000e8e00000, 0x00000000e8f00000|  0%| F|  |TAMS 0x00000000e8e00000, 0x00000000e8e00000| Untracked 
| 143|0x00000000e8f00000, 0x00000000e8f00000, 0x00000000e9000000|  0%| F|  |TAMS 0x00000000e8f00000, 0x00000000e8f00000| Untracked 
| 144|0x00000000e9000000, 0x00000000e9000000, 0x00000000e9100000|  0%| F|  |TAMS 0x00000000e9000000, 0x00000000e9000000| Untracked 
| 145|0x00000000e9100000, 0x00000000e9100000, 0x00000000e9200000|  0%| F|  |TAMS 0x00000000e9100000, 0x00000000e9100000| Untracked 
| 146|0x00000000e9200000, 0x00000000e9200000, 0x00000000e9300000|  0%| F|  |TAMS 0x00000000e9200000, 0x00000000e9200000| Untracked 
| 147|0x00000000e9300000, 0x00000000e9300000, 0x00000000e9400000|  0%| F|  |TAMS 0x00000000e9300000, 0x00000000e9300000| Untracked 
| 148|0x00000000e9400000, 0x00000000e9400000, 0x00000000e9500000|  0%| F|  |TAMS 0x00000000e9400000, 0x00000000e9400000| Untracked 
| 149|0x00000000e9500000, 0x00000000e9500000, 0x00000000e9600000|  0%| F|  |TAMS 0x00000000e9500000, 0x00000000e9500000| Untracked 
| 150|0x00000000e9600000, 0x00000000e9600000, 0x00000000e9700000|  0%| F|  |TAMS 0x00000000e9600000, 0x00000000e9600000| Untracked 
| 151|0x00000000e9700000, 0x00000000e9700000, 0x00000000e9800000|  0%| F|  |TAMS 0x00000000e9700000, 0x00000000e9700000| Untracked 
| 152|0x00000000e9800000, 0x00000000e9800000, 0x00000000e9900000|  0%| F|  |TAMS 0x00000000e9800000, 0x00000000e9800000| Untracked 
| 153|0x00000000e9900000, 0x00000000e9900000, 0x00000000e9a00000|  0%| F|  |TAMS 0x00000000e9900000, 0x00000000e9900000| Untracked 
| 154|0x00000000e9a00000, 0x00000000e9a00000, 0x00000000e9b00000|  0%| F|  |TAMS 0x00000000e9a00000, 0x00000000e9a00000| Untracked 
| 155|0x00000000e9b00000, 0x00000000e9b00000, 0x00000000e9c00000|  0%| F|  |TAMS 0x00000000e9b00000, 0x00000000e9b00000| Untracked 
| 156|0x00000000e9c00000, 0x00000000e9c00000, 0x00000000e9d00000|  0%| F|  |TAMS 0x00000000e9c00000, 0x00000000e9c00000| Untracked 
| 157|0x00000000e9d00000, 0x00000000e9d00000, 0x00000000e9e00000|  0%| F|  |TAMS 0x00000000e9d00000, 0x00000000e9d00000| Untracked 
| 158|0x00000000e9e00000, 0x00000000e9e00000, 0x00000000e9f00000|  0%| F|  |TAMS 0x00000000e9e00000, 0x00000000e9e00000| Untracked 
| 159|0x00000000e9f00000, 0x00000000e9f00000, 0x00000000ea000000|  0%| F|  |TAMS 0x00000000e9f00000, 0x00000000e9f00000| Untracked 
| 160|0x00000000ea000000, 0x00000000ea000000, 0x00000000ea100000|  0%| F|  |TAMS 0x00000000ea000000, 0x00000000ea000000| Untracked 
| 161|0x00000000ea100000, 0x00000000ea100000, 0x00000000ea200000|  0%| F|  |TAMS 0x00000000ea100000, 0x00000000ea100000| Untracked 
| 162|0x00000000ea200000, 0x00000000ea200000, 0x00000000ea300000|  0%| F|  |TAMS 0x00000000ea200000, 0x00000000ea200000| Untracked 
| 163|0x00000000ea300000, 0x00000000ea300000, 0x00000000ea400000|  0%| F|  |TAMS 0x00000000ea300000, 0x00000000ea300000| Untracked 
| 164|0x00000000ea400000, 0x00000000ea400000, 0x00000000ea500000|  0%| F|  |TAMS 0x00000000ea400000, 0x00000000ea400000| Untracked 
| 165|0x00000000ea500000, 0x00000000ea500000, 0x00000000ea600000|  0%| F|  |TAMS 0x00000000ea500000, 0x00000000ea500000| Untracked 
| 166|0x00000000ea600000, 0x00000000ea600000, 0x00000000ea700000|  0%| F|  |TAMS 0x00000000ea600000, 0x00000000ea600000| Untracked 
| 167|0x00000000ea700000, 0x00000000ea700000, 0x00000000ea800000|  0%| F|  |TAMS 0x00000000ea700000, 0x00000000ea700000| Untracked 
| 168|0x00000000ea800000, 0x00000000ea800000, 0x00000000ea900000|  0%| F|  |TAMS 0x00000000ea800000, 0x00000000ea800000| Untracked 
| 169|0x00000000ea900000, 0x00000000ea900000, 0x00000000eaa00000|  0%| F|  |TAMS 0x00000000ea900000, 0x00000000ea900000| Untracked 
| 170|0x00000000eaa00000, 0x00000000eaa00000, 0x00000000eab00000|  0%| F|  |TAMS 0x00000000eaa00000, 0x00000000eaa00000| Untracked 
| 171|0x00000000eab00000, 0x00000000eab00000, 0x00000000eac00000|  0%| F|  |TAMS 0x00000000eab00000, 0x00000000eab00000| Untracked 
| 172|0x00000000eac00000, 0x00000000eac00000, 0x00000000ead00000|  0%| F|  |TAMS 0x00000000eac00000, 0x00000000eac00000| Untracked 
| 173|0x00000000ead00000, 0x00000000ead00000, 0x00000000eae00000|  0%| F|  |TAMS 0x00000000ead00000, 0x00000000ead00000| Untracked 
| 174|0x00000000eae00000, 0x00000000eae00000, 0x00000000eaf00000|  0%| F|  |TAMS 0x00000000eae00000, 0x00000000eae00000| Untracked 
| 175|0x00000000eaf00000, 0x00000000eaf00000, 0x00000000eb000000|  0%| F|  |TAMS 0x00000000eaf00000, 0x00000000eaf00000| Untracked 
| 176|0x00000000eb000000, 0x00000000eb000000, 0x00000000eb100000|  0%| F|  |TAMS 0x00000000eb000000, 0x00000000eb000000| Untracked 
| 177|0x00000000eb100000, 0x00000000eb100000, 0x00000000eb200000|  0%| F|  |TAMS 0x00000000eb100000, 0x00000000eb100000| Untracked 
| 178|0x00000000eb200000, 0x00000000eb200000, 0x00000000eb300000|  0%| F|  |TAMS 0x00000000eb200000, 0x00000000eb200000| Untracked 
| 179|0x00000000eb300000, 0x00000000eb300000, 0x00000000eb400000|  0%| F|  |TAMS 0x00000000eb300000, 0x00000000eb300000| Untracked 
| 180|0x00000000eb400000, 0x00000000eb400000, 0x00000000eb500000|  0%| F|  |TAMS 0x00000000eb400000, 0x00000000eb400000| Untracked 
| 181|0x00000000eb500000, 0x00000000eb500000, 0x00000000eb600000|  0%| F|  |TAMS 0x00000000eb500000, 0x00000000eb500000| Untracked 
| 182|0x00000000eb600000, 0x00000000eb600000, 0x00000000eb700000|  0%| F|  |TAMS 0x00000000eb600000, 0x00000000eb600000| Untracked 
| 183|0x00000000eb700000, 0x00000000eb700000, 0x00000000eb800000|  0%| F|  |TAMS 0x00000000eb700000, 0x00000000eb700000| Untracked 
| 184|0x00000000eb800000, 0x00000000eb800000, 0x00000000eb900000|  0%| F|  |TAMS 0x00000000eb800000, 0x00000000eb800000| Untracked 
| 185|0x00000000eb900000, 0x00000000eb900000, 0x00000000eba00000|  0%| F|  |TAMS 0x00000000eb900000, 0x00000000eb900000| Untracked 
| 186|0x00000000eba00000, 0x00000000eba00000, 0x00000000ebb00000|  0%| F|  |TAMS 0x00000000eba00000, 0x00000000eba00000| Untracked 
| 187|0x00000000ebb00000, 0x00000000ebb00000, 0x00000000ebc00000|  0%| F|  |TAMS 0x00000000ebb00000, 0x00000000ebb00000| Untracked 
| 188|0x00000000ebc00000, 0x00000000ebc00000, 0x00000000ebd00000|  0%| F|  |TAMS 0x00000000ebc00000, 0x00000000ebc00000| Untracked 
| 189|0x00000000ebd00000, 0x00000000ebd00000, 0x00000000ebe00000|  0%| F|  |TAMS 0x00000000ebd00000, 0x00000000ebd00000| Untracked 
| 190|0x00000000ebe00000, 0x00000000ebe00000, 0x00000000ebf00000|  0%| F|  |TAMS 0x00000000ebe00000, 0x00000000ebe00000| Untracked 
| 191|0x00000000ebf00000, 0x00000000ec000000, 0x00000000ec000000|100%| E|  |TAMS 0x00000000ebf00000, 0x00000000ebf00000| Complete 
| 192|0x00000000ec000000, 0x00000000ec100000, 0x00000000ec100000|100%| E|CS|TAMS 0x00000000ec000000, 0x00000000ec000000| Complete 
| 193|0x00000000ec100000, 0x00000000ec200000, 0x00000000ec200000|100%| E|CS|TAMS 0x00000000ec100000, 0x00000000ec100000| Complete 
| 194|0x00000000ec200000, 0x00000000ec300000, 0x00000000ec300000|100%| E|CS|TAMS 0x00000000ec200000, 0x00000000ec200000| Complete 
| 195|0x00000000ec300000, 0x00000000ec400000, 0x00000000ec400000|100%| E|CS|TAMS 0x00000000ec300000, 0x00000000ec300000| Complete 
| 196|0x00000000ec400000, 0x00000000ec500000, 0x00000000ec500000|100%| E|CS|TAMS 0x00000000ec400000, 0x00000000ec400000| Complete 
| 197|0x00000000ec500000, 0x00000000ec600000, 0x00000000ec600000|100%| E|CS|TAMS 0x00000000ec500000, 0x00000000ec500000| Complete 
| 198|0x00000000ec600000, 0x00000000ec700000, 0x00000000ec700000|100%| E|CS|TAMS 0x00000000ec600000, 0x00000000ec600000| Complete 
| 199|0x00000000ec700000, 0x00000000ec800000, 0x00000000ec800000|100%| E|CS|TAMS 0x00000000ec700000, 0x00000000ec700000| Complete 
| 200|0x00000000ec800000, 0x00000000ec900000, 0x00000000ec900000|100%| E|CS|TAMS 0x00000000ec800000, 0x00000000ec800000| Complete 
| 201|0x00000000ec900000, 0x00000000eca00000, 0x00000000eca00000|100%| E|CS|TAMS 0x00000000ec900000, 0x00000000ec900000| Complete 
| 202|0x00000000eca00000, 0x00000000ecb00000, 0x00000000ecb00000|100%| E|CS|TAMS 0x00000000eca00000, 0x00000000eca00000| Complete 
| 203|0x00000000ecb00000, 0x00000000ecc00000, 0x00000000ecc00000|100%| E|CS|TAMS 0x00000000ecb00000, 0x00000000ecb00000| Complete 
| 204|0x00000000ecc00000, 0x00000000ecd00000, 0x00000000ecd00000|100%| E|CS|TAMS 0x00000000ecc00000, 0x00000000ecc00000| Complete 
| 205|0x00000000ecd00000, 0x00000000ece00000, 0x00000000ece00000|100%| E|CS|TAMS 0x00000000ecd00000, 0x00000000ecd00000| Complete 
| 206|0x00000000ece00000, 0x00000000ecf00000, 0x00000000ecf00000|100%| E|CS|TAMS 0x00000000ece00000, 0x00000000ece00000| Complete 
| 207|0x00000000ecf00000, 0x00000000ed000000, 0x00000000ed000000|100%| E|CS|TAMS 0x00000000ecf00000, 0x00000000ecf00000| Complete 
| 208|0x00000000ed000000, 0x00000000ed100000, 0x00000000ed100000|100%| E|CS|TAMS 0x00000000ed000000, 0x00000000ed000000| Complete 
| 209|0x00000000ed100000, 0x00000000ed200000, 0x00000000ed200000|100%| E|CS|TAMS 0x00000000ed100000, 0x00000000ed100000| Complete 
| 210|0x00000000ed200000, 0x00000000ed300000, 0x00000000ed300000|100%| E|CS|TAMS 0x00000000ed200000, 0x00000000ed200000| Complete 
| 211|0x00000000ed300000, 0x00000000ed400000, 0x00000000ed400000|100%| E|CS|TAMS 0x00000000ed300000, 0x00000000ed300000| Complete 
| 212|0x00000000ed400000, 0x00000000ed500000, 0x00000000ed500000|100%| E|CS|TAMS 0x00000000ed400000, 0x00000000ed400000| Complete 
| 213|0x00000000ed500000, 0x00000000ed600000, 0x00000000ed600000|100%| E|CS|TAMS 0x00000000ed500000, 0x00000000ed500000| Complete 
| 214|0x00000000ed600000, 0x00000000ed700000, 0x00000000ed700000|100%| E|CS|TAMS 0x00000000ed600000, 0x00000000ed600000| Complete 
| 215|0x00000000ed700000, 0x00000000ed800000, 0x00000000ed800000|100%| E|CS|TAMS 0x00000000ed700000, 0x00000000ed700000| Complete 
| 216|0x00000000ed800000, 0x00000000ed900000, 0x00000000ed900000|100%| E|CS|TAMS 0x00000000ed800000, 0x00000000ed800000| Complete 
| 217|0x00000000ed900000, 0x00000000eda00000, 0x00000000eda00000|100%| E|CS|TAMS 0x00000000ed900000, 0x00000000ed900000| Complete 
| 218|0x00000000eda00000, 0x00000000edb00000, 0x00000000edb00000|100%| E|CS|TAMS 0x00000000eda00000, 0x00000000eda00000| Complete 
| 219|0x00000000edb00000, 0x00000000edc00000, 0x00000000edc00000|100%| E|CS|TAMS 0x00000000edb00000, 0x00000000edb00000| Complete 
| 220|0x00000000edc00000, 0x00000000edd00000, 0x00000000edd00000|100%| E|CS|TAMS 0x00000000edc00000, 0x00000000edc00000| Complete 
| 221|0x00000000edd00000, 0x00000000ede00000, 0x00000000ede00000|100%| E|CS|TAMS 0x00000000edd00000, 0x00000000edd00000| Complete 
| 222|0x00000000ede00000, 0x00000000edf00000, 0x00000000edf00000|100%| E|CS|TAMS 0x00000000ede00000, 0x00000000ede00000| Complete 
| 223|0x00000000edf00000, 0x00000000ee000000, 0x00000000ee000000|100%| E|CS|TAMS 0x00000000edf00000, 0x00000000edf00000| Complete 
| 224|0x00000000ee000000, 0x00000000ee100000, 0x00000000ee100000|100%| E|CS|TAMS 0x00000000ee000000, 0x00000000ee000000| Complete 
| 225|0x00000000ee100000, 0x00000000ee200000, 0x00000000ee200000|100%| E|CS|TAMS 0x00000000ee100000, 0x00000000ee100000| Complete 
| 226|0x00000000ee200000, 0x00000000ee300000, 0x00000000ee300000|100%| E|CS|TAMS 0x00000000ee200000, 0x00000000ee200000| Complete 
| 227|0x00000000ee300000, 0x00000000ee400000, 0x00000000ee400000|100%| E|CS|TAMS 0x00000000ee300000, 0x00000000ee300000| Complete 
| 228|0x00000000ee400000, 0x00000000ee500000, 0x00000000ee500000|100%| E|CS|TAMS 0x00000000ee400000, 0x00000000ee400000| Complete 
| 229|0x00000000ee500000, 0x00000000ee600000, 0x00000000ee600000|100%| E|CS|TAMS 0x00000000ee500000, 0x00000000ee500000| Complete 
| 230|0x00000000ee600000, 0x00000000ee700000, 0x00000000ee700000|100%| E|CS|TAMS 0x00000000ee600000, 0x00000000ee600000| Complete 
| 231|0x00000000ee700000, 0x00000000ee800000, 0x00000000ee800000|100%| E|CS|TAMS 0x00000000ee700000, 0x00000000ee700000| Complete 
| 232|0x00000000ee800000, 0x00000000ee900000, 0x00000000ee900000|100%| E|CS|TAMS 0x00000000ee800000, 0x00000000ee800000| Complete 
| 233|0x00000000ee900000, 0x00000000eea00000, 0x00000000eea00000|100%| E|CS|TAMS 0x00000000ee900000, 0x00000000ee900000| Complete 
| 234|0x00000000eea00000, 0x00000000eeb00000, 0x00000000eeb00000|100%| E|CS|TAMS 0x00000000eea00000, 0x00000000eea00000| Complete 
| 235|0x00000000eeb00000, 0x00000000eec00000, 0x00000000eec00000|100%| E|CS|TAMS 0x00000000eeb00000, 0x00000000eeb00000| Complete 
| 236|0x00000000eec00000, 0x00000000eed00000, 0x00000000eed00000|100%| E|CS|TAMS 0x00000000eec00000, 0x00000000eec00000| Complete 
| 237|0x00000000eed00000, 0x00000000eee00000, 0x00000000eee00000|100%| E|CS|TAMS 0x00000000eed00000, 0x00000000eed00000| Complete 
| 238|0x00000000eee00000, 0x00000000eef00000, 0x00000000eef00000|100%| E|CS|TAMS 0x00000000eee00000, 0x00000000eee00000| Complete 
| 239|0x00000000eef00000, 0x00000000ef000000, 0x00000000ef000000|100%| E|CS|TAMS 0x00000000eef00000, 0x00000000eef00000| Complete 
| 240|0x00000000ef000000, 0x00000000ef100000, 0x00000000ef100000|100%| E|CS|TAMS 0x00000000ef000000, 0x00000000ef000000| Complete 
| 241|0x00000000ef100000, 0x00000000ef200000, 0x00000000ef200000|100%| E|CS|TAMS 0x00000000ef100000, 0x00000000ef100000| Complete 
| 242|0x00000000ef200000, 0x00000000ef300000, 0x00000000ef300000|100%| E|CS|TAMS 0x00000000ef200000, 0x00000000ef200000| Complete 
| 243|0x00000000ef300000, 0x00000000ef400000, 0x00000000ef400000|100%| E|CS|TAMS 0x00000000ef300000, 0x00000000ef300000| Complete 
| 244|0x00000000ef400000, 0x00000000ef500000, 0x00000000ef500000|100%| E|CS|TAMS 0x00000000ef400000, 0x00000000ef400000| Complete 
| 245|0x00000000ef500000, 0x00000000ef600000, 0x00000000ef600000|100%| E|CS|TAMS 0x00000000ef500000, 0x00000000ef500000| Complete 
| 246|0x00000000ef600000, 0x00000000ef700000, 0x00000000ef700000|100%| E|CS|TAMS 0x00000000ef600000, 0x00000000ef600000| Complete 
| 247|0x00000000ef700000, 0x00000000ef800000, 0x00000000ef800000|100%| E|CS|TAMS 0x00000000ef700000, 0x00000000ef700000| Complete 
| 248|0x00000000ef800000, 0x00000000ef900000, 0x00000000ef900000|100%| E|CS|TAMS 0x00000000ef800000, 0x00000000ef800000| Complete 
| 249|0x00000000ef900000, 0x00000000efa00000, 0x00000000efa00000|100%| E|CS|TAMS 0x00000000ef900000, 0x00000000ef900000| Complete 
| 250|0x00000000efa00000, 0x00000000efb00000, 0x00000000efb00000|100%| E|CS|TAMS 0x00000000efa00000, 0x00000000efa00000| Complete 
| 251|0x00000000efb00000, 0x00000000efc00000, 0x00000000efc00000|100%| E|CS|TAMS 0x00000000efb00000, 0x00000000efb00000| Complete 
| 252|0x00000000efc00000, 0x00000000efd00000, 0x00000000efd00000|100%| E|CS|TAMS 0x00000000efc00000, 0x00000000efc00000| Complete 
| 253|0x00000000efd00000, 0x00000000efe00000, 0x00000000efe00000|100%| E|CS|TAMS 0x00000000efd00000, 0x00000000efd00000| Complete 
| 254|0x00000000efe00000, 0x00000000eff00000, 0x00000000eff00000|100%| E|CS|TAMS 0x00000000efe00000, 0x00000000efe00000| Complete 
| 255|0x00000000eff00000, 0x00000000f0000000, 0x00000000f0000000|100%| E|CS|TAMS 0x00000000eff00000, 0x00000000eff00000| Complete 

Card table byte_map: [0x0000024577ec0000,0x0000024577fc0000] _byte_map_base: 0x00000245777c0000

Marking Bits (Prev, Next): (CMBitMap*) 0x000002456f1041b0, (CMBitMap*) 0x000002456f1041f0
 Prev Bits: [0x00000245780c0000, 0x00000245788c0000)
 Next Bits: [0x00000245788c0000, 0x00000245790c0000)

Polling page: 0x000002456e8a0000

Metaspace:

Usage:
  Non-class:     44.61 MB used.
      Class:      6.76 MB used.
       Both:     51.37 MB used.

Virtual space:
  Non-class space:       48.00 MB reserved,      44.94 MB ( 94%) committed,  6 nodes.
      Class space:      208.00 MB reserved,       7.06 MB (  3%) committed,  1 nodes.
              Both:      256.00 MB reserved,      52.00 MB ( 20%) committed. 

Chunk freelists:
   Non-Class:  2.57 MB
       Class:  976.00 KB
        Both:  3.53 MB

MaxMetaspaceSize: 256.00 MB
CompressedClassSpaceSize: 208.00 MB
 - commit_granule_bytes: 65536.
 - commit_granule_words: 8192.
 - virtual_space_node_default_size: 1048576.
 - enlarge_chunks_in_place: 1.
 - new_chunks_are_fully_committed: 0.
 - uncommit_free_chunks: 1.
 - use_allocation_guard: 0.
 - handle_deallocations: 1.


Internal statistics:

num_allocs_failed_limit: 6.
num_arena_births: 624.
num_arena_deaths: 0.
num_vsnodes_births: 7.
num_vsnodes_deaths: 0.
num_space_committed: 832.
num_space_uncommitted: 0.
num_chunks_returned_to_freelist: 6.
num_chunks_taken_from_freelist: 2706.
num_chunk_merges: 6.
num_chunk_splits: 1727.
num_chunks_enlarged: 1075.
num_purges: 0.

CodeHeap 'non-profiled nmethods': size=120000Kb used=3590Kb max_used=3590Kb free=116409Kb
 bounds [0x0000024507ad0000, 0x0000024507e60000, 0x000002450f000000]
CodeHeap 'profiled nmethods': size=120000Kb used=11958Kb max_used=11958Kb free=108041Kb
 bounds [0x00000245005a0000, 0x0000024501150000, 0x0000024507ad0000]
CodeHeap 'non-nmethods': size=5760Kb used=2346Kb max_used=2448Kb free=3413Kb
 bounds [0x0000024500000000, 0x0000024500270000, 0x00000245005a0000]
 total_blobs=6766 nmethods=5904 adapters=774
 compilation: enabled
              stopped_count=0, restarted_count=0
 full_count=0

Compilation events (20 events):
Event: 8.440 Thread 0x000002457bafa900 6219       3       java.util.LinkedHashMap$LinkedEntryIterator::<init> (11 bytes)
Event: 8.441 Thread 0x000002457bafa900 nmethod 6219 0x0000024501038490 code [0x0000024501038640, 0x0000024501038958]
Event: 8.441 Thread 0x000002457bafa900 6217       3       com.google.common.collect.Maps::newConcurrentMap (8 bytes)
Event: 8.441 Thread 0x000002457bafa900 nmethod 6217 0x0000024501038a90 code [0x0000024501038c40, 0x0000024501038eb8]
Event: 8.441 Thread 0x000002457bafa900 6220       3       java.util.HashMap$TreeNode::balanceInsertion (245 bytes)
Event: 8.441 Thread 0x000002457bafa900 nmethod 6220 0x0000024501039010 code [0x0000024501039260, 0x0000024501039c78]
Event: 8.445 Thread 0x000002457bafa900 6222       3       org.gradle.internal.instantiation.generator.AbstractClassGenerator$ExtensibleTypePropertyHandler::applyTo (228 bytes)
Event: 8.446 Thread 0x000002457bafa900 nmethod 6222 0x000002450103a090 code [0x000002450103a480, 0x000002450103c278]
Event: 8.446 Thread 0x000002457bafa900 6223       2       java.util.ArrayList::indexOf (11 bytes)
Event: 8.448 Thread 0x000002457bafa900 nmethod 6223 0x000002450103cb10 code [0x000002450103ccc0, 0x000002450103cde8]
Event: 8.451 Thread 0x000002457bafa900 6224       3       java.util.HashMap$TreeNode::<init> (10 bytes)
Event: 8.452 Thread 0x000002457bafa900 nmethod 6224 0x000002450103ce90 code [0x000002450103d040, 0x000002450103d188]
Event: 8.452 Thread 0x000002457bafa900 6226       3       java.util.HashMap$TreeNode::getTreeNode (22 bytes)
Event: 8.453 Thread 0x000002457bafa900 nmethod 6226 0x000002450103d210 code [0x000002450103d3e0, 0x000002450103d688]
Event: 8.453 Thread 0x000002457bafa900 6227       3       java.util.AbstractCollection::toArray (70 bytes)
Event: 8.453 Thread 0x000002457bafa900 nmethod 6227 0x000002450103d810 code [0x000002450103da60, 0x000002450103e448]
Event: 8.455 Thread 0x000002457e950880 nmethod 5958 0x0000024507e3d410 code [0x0000024507e3dc40, 0x0000024507e49240]
Event: 8.456 Thread 0x000002457e950880 6179       4       java.util.HashMap::put (13 bytes)
Event: 8.466 Thread 0x000002457e950880 nmethod 6179 0x0000024507daa710 code [0x0000024507daa900, 0x0000024507dab190]
Event: 8.466 Thread 0x000002457e950880 6221       4       org.gradle.internal.reflect.MethodSet::add (50 bytes)

GC Heap History (10 events):
Event: 1.020 GC heap before
{Heap before GC invocations=0 (full 0):
 garbage-first heap   total 262144K, used 28672K [0x00000000e0000000, 0x0000000100000000)
  region size 1024K, 23 young (23552K), 0 survivors (0K)
 Metaspace       used 3210K, committed 3328K, reserved 221184K
  class space    used 379K, committed 448K, reserved 212992K
}
Event: 1.049 GC heap after
{Heap after GC invocations=1 (full 0):
 garbage-first heap   total 262144K, used 9075K [0x00000000e0000000, 0x0000000100000000)
  region size 1024K, 3 young (3072K), 3 survivors (3072K)
 Metaspace       used 3210K, committed 3328K, reserved 221184K
  class space    used 379K, committed 448K, reserved 212992K
}
Event: 1.564 GC heap before
{Heap before GC invocations=1 (full 0):
 garbage-first heap   total 262144K, used 36723K [0x00000000e0000000, 0x0000000100000000)
  region size 1024K, 30 young (30720K), 3 survivors (3072K)
 Metaspace       used 4124K, committed 4288K, reserved 221184K
  class space    used 474K, committed 576K, reserved 212992K
}
Event: 1.566 GC heap after
{Heap after GC invocations=2 (full 0):
 garbage-first heap   total 262144K, used 11830K [0x00000000e0000000, 0x0000000100000000)
  region size 1024K, 2 young (2048K), 2 survivors (2048K)
 Metaspace       used 4124K, committed 4288K, reserved 221184K
  class space    used 474K, committed 576K, reserved 212992K
}
Event: 4.234 GC heap before
{Heap before GC invocations=2 (full 0):
 garbage-first heap   total 262144K, used 117302K [0x00000000e0000000, 0x0000000100000000)
  region size 1024K, 106 young (108544K), 2 survivors (2048K)
 Metaspace       used 21005K, committed 21248K, reserved 237568K
  class space    used 3013K, committed 3136K, reserved 212992K
}
Event: 4.241 GC heap after
{Heap after GC invocations=3 (full 0):
 garbage-first heap   total 262144K, used 20197K [0x00000000e0000000, 0x0000000100000000)
  region size 1024K, 11 young (11264K), 11 survivors (11264K)
 Metaspace       used 21005K, committed 21248K, reserved 237568K
  class space    used 3013K, committed 3136K, reserved 212992K
}
Event: 5.730 GC heap before
{Heap before GC invocations=4 (full 0):
 garbage-first heap   total 262144K, used 121573K [0x00000000e0000000, 0x0000000100000000)
  region size 1024K, 108 young (110592K), 11 survivors (11264K)
 Metaspace       used 35188K, committed 35520K, reserved 245760K
  class space    used 4654K, committed 4864K, reserved 212992K
}
Event: 5.744 GC heap after
{Heap after GC invocations=5 (full 0):
 garbage-first heap   total 262144K, used 30010K [0x00000000e0000000, 0x0000000100000000)
  region size 1024K, 19 young (19456K), 19 survivors (19456K)
 Metaspace       used 35188K, committed 35520K, reserved 245760K
  class space    used 4654K, committed 4864K, reserved 212992K
}
Event: 7.685 GC heap before
{Heap before GC invocations=6 (full 0):
 garbage-first heap   total 262144K, used 171322K [0x00000000e0000000, 0x0000000100000000)
  region size 1024K, 153 young (156672K), 19 survivors (19456K)
 Metaspace       used 46508K, committed 46976K, reserved 253952K
  class space    used 6171K, committed 6400K, reserved 212992K
}
Event: 7.700 GC heap after
{Heap after GC invocations=7 (full 0):
 garbage-first heap   total 262144K, used 46689K [0x00000000e0000000, 0x0000000100000000)
  region size 1024K, 20 young (20480K), 20 survivors (20480K)
 Metaspace       used 46508K, committed 46976K, reserved 253952K
  class space    used 6171K, committed 6400K, reserved 212992K
}

Deoptimization events (20 events):
Event: 8.135 Thread 0x000002457db08840 DEOPT PACKING pc=0x0000024507cff2a0 sp=0x000000f3ff6f6380
Event: 8.135 Thread 0x000002457db08840 DEOPT UNPACKING pc=0x000002450004d72e sp=0x000000f3ff6f6370 mode 2
Event: 8.135 Thread 0x000002457db08840 Uncommon trap: trap_request=0xffffff45 fr.pc=0x0000024507d8d87c relative=0x0000000000000bdc
Event: 8.135 Thread 0x000002457db08840 Uncommon trap: reason=unstable_if action=reinterpret pc=0x0000024507d8d87c method=java.lang.ClassLoader.loadClass(Ljava/lang/String;Z)Ljava/lang/Class; @ 29 c2
Event: 8.135 Thread 0x000002457db08840 DEOPT PACKING pc=0x0000024507d8d87c sp=0x000000f3ff6f2520
Event: 8.135 Thread 0x000002457db08840 DEOPT UNPACKING pc=0x000002450004d72e sp=0x000000f3ff6f24e8 mode 2
Event: 8.151 Thread 0x000002457db08840 DEOPT PACKING pc=0x0000024500b93b1e sp=0x000000f3ff6f7420
Event: 8.151 Thread 0x000002457db08840 DEOPT UNPACKING pc=0x000002450004dece sp=0x000000f3ff6f68d0 mode 0
Event: 8.178 Thread 0x000002457db08840 DEOPT PACKING pc=0x0000024500b93b1e sp=0x000000f3ff6f7330
Event: 8.178 Thread 0x000002457db08840 DEOPT UNPACKING pc=0x000002450004dece sp=0x000000f3ff6f67e0 mode 0
Event: 8.178 Thread 0x000002457db08840 DEOPT PACKING pc=0x00000245005a7c7d sp=0x000000f3ff6f71a0
Event: 8.178 Thread 0x000002457db08840 DEOPT UNPACKING pc=0x000002450004dece sp=0x000000f3ff6f6600 mode 0
Event: 8.191 Thread 0x000002457db08840 DEOPT PACKING pc=0x0000024500990a2b sp=0x000000f3ff6f8850
Event: 8.191 Thread 0x000002457db08840 DEOPT UNPACKING pc=0x000002450004dece sp=0x000000f3ff6f7cc0 mode 0
Event: 8.401 Thread 0x000002457db08840 Uncommon trap: trap_request=0xffffffbe fr.pc=0x0000024507b31024 relative=0x0000000000000b24
Event: 8.401 Thread 0x000002457db08840 Uncommon trap: reason=profile_predicate action=maybe_recompile pc=0x0000024507b31024 method=com.google.common.collect.ImmutableSet.construct(I[Ljava/lang/Object;)Lcom/google/common/collect/ImmutableSet; @ 68 c2
Event: 8.401 Thread 0x000002457db08840 DEOPT PACKING pc=0x0000024507b31024 sp=0x000000f3ff6f8890
Event: 8.401 Thread 0x000002457db08840 DEOPT UNPACKING pc=0x000002450004d72e sp=0x000000f3ff6f8830 mode 2
Event: 8.419 Thread 0x000002457db08840 DEOPT PACKING pc=0x0000024500db6661 sp=0x000000f3ff6f6bf0
Event: 8.419 Thread 0x000002457db08840 DEOPT UNPACKING pc=0x000002450004dece sp=0x000000f3ff6f60e8 mode 0

Classes unloaded (0 events):
No events

Classes redefined (0 events):
No events

Internal exceptions (20 events):
Event: 8.135 Thread 0x000002457db08840 Implicit null exception at 0x0000024507d1156f to 0x0000024507d11a64
Event: 8.135 Thread 0x000002457db08840 Implicit null exception at 0x0000024507cfe880 to 0x0000024507cff284
Event: 8.137 Thread 0x000002457db08840 Exception <a 'java/lang/ClassNotFoundException'{0x00000000ee4e7528}: org/gradle/util/ConfigureUtilBeanInfo> (0x00000000ee4e7528) 
thrown [c:\wsjdk\correttojdksrc\installers\windows\zip\corretto-build\buildroot\src\hotspot\share\classfile\systemDictionary.cpp, line 256]
Event: 8.138 Thread 0x000002457db08840 Exception <a 'java/lang/ClassNotFoundException'{0x00000000ee4fb5e8}: org/gradle/util/ConfigureUtilCustomizer> (0x00000000ee4fb5e8) 
thrown [c:\wsjdk\correttojdksrc\installers\windows\zip\corretto-build\buildroot\src\hotspot\share\classfile\systemDictionary.cpp, line 256]
Event: 8.146 Thread 0x000002457db08840 Exception <a 'java/lang/ClassNotFoundException'{0x00000000ee3de2a0}: org/gradle/api/internal/file/collections/DefaultConfigurableFileCollectionBeanInfo> (0x00000000ee3de2a0) 
thrown [c:\wsjdk\correttojdksrc\installers\windows\zip\corretto-build\buildroot\src\hotspot\share\classfile\systemDictionary.cpp, line 256]
Event: 8.147 Thread 0x000002457db08840 Exception <a 'java/lang/ClassNotFoundException'{0x00000000ee3f20a0}: org/gradle/api/internal/file/collections/DefaultConfigurableFileCollectionCustomizer> (0x00000000ee3f20a0) 
thrown [c:\wsjdk\correttojdksrc\installers\windows\zip\corretto-build\buildroot\src\hotspot\share\classfile\systemDictionary.cpp, line 256]
Event: 8.153 Thread 0x000002457db08840 Exception <a 'java/lang/ClassNotFoundException'{0x00000000ee046ba0}: org/gradle/api/internal/tasks/DefaultSourceSetContainer_DecoratedBeanInfo> (0x00000000ee046ba0) 
thrown [c:\wsjdk\correttojdksrc\installers\windows\zip\corretto-build\buildroot\src\hotspot\share\classfile\systemDictionary.cpp, line 256]
Event: 8.153 Thread 0x000002457db08840 Exception <a 'java/lang/ClassNotFoundException'{0x00000000ee05c8d8}: org/gradle/api/internal/tasks/DefaultSourceSetContainerBeanInfo> (0x00000000ee05c8d8) 
thrown [c:\wsjdk\correttojdksrc\installers\windows\zip\corretto-build\buildroot\src\hotspot\share\classfile\systemDictionary.cpp, line 256]
Event: 8.154 Thread 0x000002457db08840 Exception <a 'java/lang/ClassNotFoundException'{0x00000000ee072640}: org/gradle/api/internal/tasks/DefaultSourceSetContainerCustomizer> (0x00000000ee072640) 
thrown [c:\wsjdk\correttojdksrc\installers\windows\zip\corretto-build\buildroot\src\hotspot\share\classfile\systemDictionary.cpp, line 256]
Event: 8.155 Thread 0x000002457db08840 Exception <a 'java/lang/ClassNotFoundException'{0x00000000ee093bd0}: org/gradle/api/internal/tasks/DefaultSourceSetContainer_DecoratedCustomizer> (0x00000000ee093bd0) 
thrown [c:\wsjdk\correttojdksrc\installers\windows\zip\corretto-build\buildroot\src\hotspot\share\classfile\systemDictionary.cpp, line 256]
Event: 8.159 Thread 0x000002457db08840 Exception <a 'java/lang/ClassNotFoundException'{0x00000000edf19368}: org/gradle/api/internal/tasks/DefaultSourceSet_DecoratedBeanInfo> (0x00000000edf19368) 
thrown [c:\wsjdk\correttojdksrc\installers\windows\zip\corretto-build\buildroot\src\hotspot\share\classfile\systemDictionary.cpp, line 256]
Event: 8.160 Thread 0x000002457db08840 Exception <a 'java/lang/ClassNotFoundException'{0x00000000edf2edc0}: org/gradle/api/internal/tasks/DefaultSourceSetBeanInfo> (0x00000000edf2edc0) 
thrown [c:\wsjdk\correttojdksrc\installers\windows\zip\corretto-build\buildroot\src\hotspot\share\classfile\systemDictionary.cpp, line 256]
Event: 8.161 Thread 0x000002457db08840 Exception <a 'java/lang/ClassNotFoundException'{0x00000000edf448e0}: org/gradle/api/internal/tasks/DefaultSourceSetCustomizer> (0x00000000edf448e0) 
thrown [c:\wsjdk\correttojdksrc\installers\windows\zip\corretto-build\buildroot\src\hotspot\share\classfile\systemDictionary.cpp, line 256]
Event: 8.162 Thread 0x000002457db08840 Exception <a 'java/lang/ClassNotFoundException'{0x00000000edf7a298}: org/gradle/api/internal/tasks/DefaultSourceSet_DecoratedCustomizer> (0x00000000edf7a298) 
thrown [c:\wsjdk\correttojdksrc\installers\windows\zip\corretto-build\buildroot\src\hotspot\share\classfile\systemDictionary.cpp, line 256]
Event: 8.169 Thread 0x000002457db08840 Exception <a 'java/lang/ClassNotFoundException'{0x00000000ede44e28}: org/gradle/api/specs/SpecsBeanInfo> (0x00000000ede44e28) 
thrown [c:\wsjdk\correttojdksrc\installers\windows\zip\corretto-build\buildroot\src\hotspot\share\classfile\systemDictionary.cpp, line 256]
Event: 8.169 Thread 0x000002457db08840 Exception <a 'java/lang/ClassNotFoundException'{0x00000000ede59ff8}: org/gradle/api/specs/SpecsCustomizer> (0x00000000ede59ff8) 
thrown [c:\wsjdk\correttojdksrc\installers\windows\zip\corretto-build\buildroot\src\hotspot\share\classfile\systemDictionary.cpp, line 256]
Event: 8.174 Thread 0x000002457db08840 Exception <a 'java/lang/ClassNotFoundException'{0x00000000edea32e8}: com/github/jengelman/gradle/plugins/shadow/relocation/SimpleRelocatorBeanInfo> (0x00000000edea32e8) 
thrown [c:\wsjdk\correttojdksrc\installers\windows\zip\corretto-build\buildroot\src\hotspot\share\classfile\systemDictionary.cpp, line 256]
Event: 8.174 Thread 0x000002457db08840 Exception <a 'java/lang/ClassNotFoundException'{0x00000000edeac5e8}: com/github/jengelman/gradle/plugins/shadow/relocation/SimpleRelocatorCustomizer> (0x00000000edeac5e8) 
thrown [c:\wsjdk\correttojdksrc\installers\windows\zip\corretto-build\buildroot\src\hotspot\share\classfile\systemDictionary.cpp, line 256]
Event: 8.178 Thread 0x000002457db08840 Exception <a 'java/lang/ClassNotFoundException'{0x00000000edde69d0}: java/lang/StringBeanInfo> (0x00000000edde69d0) 
thrown [c:\wsjdk\correttojdksrc\installers\windows\zip\corretto-build\buildroot\src\hotspot\share\classfile\systemDictionary.cpp, line 256]
Event: 8.179 Thread 0x000002457db08840 Exception <a 'java/lang/ClassNotFoundException'{0x00000000eddece60}: java/lang/StringCustomizer> (0x00000000eddece60) 
thrown [c:\wsjdk\correttojdksrc\installers\windows\zip\corretto-build\buildroot\src\hotspot\share\classfile\systemDictionary.cpp, line 256]

Events (20 events):
Event: 8.198 loading class java/time/temporal/WeekFields
Event: 8.198 loading class java/time/temporal/WeekFields done
Event: 8.198 loading class java/time/temporal/WeekFields$ComputedDayOfField
Event: 8.199 loading class java/time/temporal/WeekFields$ComputedDayOfField done
Event: 8.199 loading class java/time/Month$1
Event: 8.199 loading class java/time/Month$1 done
Event: 8.200 loading class java/nio/channels/Channels
Event: 8.201 loading class java/nio/channels/Channels done
Event: 8.201 loading class java/nio/channels/Channels$1
Event: 8.201 loading class java/nio/channels/Channels$1 done
Event: 8.347 Executing  VM operation: HandshakeAllThreads
Event: 8.347 Executing  VM operation: HandshakeAllThreads done
Event: 8.371 loading class java/util/regex/Pattern$LookBehindEndNode
Event: 8.371 loading class java/util/regex/Pattern$LookBehindEndNode done
Event: 8.371 loading class java/util/regex/Pattern$Behind
Event: 8.371 loading class java/util/regex/Pattern$Behind done
Event: 8.372 loading class javax/swing/text/html/HTMLEditorKit$ParserCallback
Event: 8.372 loading class javax/swing/text/html/HTMLEditorKit$ParserCallback done
Event: 8.376 Executing  VM operation: ICBufferFull
Event: 8.376 Executing  VM operation: ICBufferFull done


Dynamic libraries:
0x00007ff77ef60000 - 0x00007ff77ef6d000 	C:\Users\User\.jdks\corretto-16.0.2\bin\java.exe
0x00007ff9f23b0000 - 0x00007ff9f25c4000 	C:\WINDOWS\SYSTEM32\ntdll.dll
0x00007ff9f1440000 - 0x00007ff9f1502000 	C:\WINDOWS\System32\KERNEL32.DLL
0x00007ff9efc10000 - 0x00007ff9effb3000 	C:\WINDOWS\System32\KERNELBASE.dll
0x00007ff9ef850000 - 0x00007ff9ef961000 	C:\WINDOWS\System32\ucrtbase.dll
0x00007ff9dd0e0000 - 0x00007ff9dd0f8000 	C:\Users\User\.jdks\corretto-16.0.2\bin\jli.dll
0x00007ff9f1510000 - 0x00007ff9f16bb000 	C:\WINDOWS\System32\USER32.dll
0x00007ff9f0160000 - 0x00007ff9f0186000 	C:\WINDOWS\System32\win32u.dll
0x00007ff9f2290000 - 0x00007ff9f22b9000 	C:\WINDOWS\System32\GDI32.dll
0x00007ff9effc0000 - 0x00007ff9f00d9000 	C:\WINDOWS\System32\gdi32full.dll
0x00007ff9ef7b0000 - 0x00007ff9ef84a000 	C:\WINDOWS\System32\msvcp_win.dll
0x00007ff9dcde0000 - 0x00007ff9dcdf5000 	C:\Users\User\.jdks\corretto-16.0.2\bin\VCRUNTIME140.dll
0x00007ff9dc560000 - 0x00007ff9dc7ee000 	C:\WINDOWS\WinSxS\amd64_microsoft.windows.common-controls_6595b64144ccf1df_6.0.22621.1635_none_270f70857386168e\COMCTL32.dll
0x00007ff9f1bc0000 - 0x00007ff9f1c67000 	C:\WINDOWS\System32\msvcrt.dll
0x00007ff9f1400000 - 0x00007ff9f1431000 	C:\WINDOWS\System32\IMM32.DLL
0x00007ff9f16c0000 - 0x00007ff9f17d7000 	C:\WINDOWS\System32\RPCRT4.dll
0x00007ff9eeac0000 - 0x00007ff9eeb02000 	C:\WINDOWS\SYSTEM32\SspiCli.dll
0x00007ff9b8a10000 - 0x00007ff9b8aab000 	C:\Users\User\.jdks\corretto-16.0.2\bin\msvcp140.dll
0x00007ff939980000 - 0x00007ff93a589000 	C:\Users\User\.jdks\corretto-16.0.2\bin\server\jvm.dll
0x00007ff9f2030000 - 0x00007ff9f20de000 	C:\WINDOWS\System32\ADVAPI32.dll
0x00007ff9f0230000 - 0x00007ff9f02d4000 	C:\WINDOWS\System32\sechost.dll
0x00007ff9f2360000 - 0x00007ff9f2368000 	C:\WINDOWS\System32\PSAPI.DLL
0x00007ff9e9410000 - 0x00007ff9e9419000 	C:\WINDOWS\SYSTEM32\WSOCK32.dll
0x00007ff9f22e0000 - 0x00007ff9f2351000 	C:\WINDOWS\System32\WS2_32.dll
0x00007ff9e9470000 - 0x00007ff9e94a4000 	C:\WINDOWS\SYSTEM32\WINMM.dll
0x00007ff9ea230000 - 0x00007ff9ea23a000 	C:\WINDOWS\SYSTEM32\VERSION.dll
0x00007ff9ee7b0000 - 0x00007ff9ee7c8000 	C:\WINDOWS\SYSTEM32\kernel.appcore.dll
0x00007ff9dd060000 - 0x00007ff9dd06a000 	C:\Users\User\.jdks\corretto-16.0.2\bin\jimage.dll
0x00007ff9e3610000 - 0x00007ff9e383e000 	C:\WINDOWS\SYSTEM32\DBGHELP.DLL
0x00007ff9f0770000 - 0x00007ff9f0af9000 	C:\WINDOWS\System32\combase.dll
0x00007ff9f1300000 - 0x00007ff9f13d7000 	C:\WINDOWS\System32\OLEAUT32.dll
0x00007ff9d5010000 - 0x00007ff9d5042000 	C:\WINDOWS\SYSTEM32\dbgcore.DLL
0x00007ff9f00e0000 - 0x00007ff9f015b000 	C:\WINDOWS\System32\bcryptPrimitives.dll
0x00007ff9d6eb0000 - 0x00007ff9d6ed5000 	C:\Users\User\.jdks\corretto-16.0.2\bin\java.dll
0x00007ff9f0b00000 - 0x00007ff9f12fa000 	C:\WINDOWS\System32\SHELL32.dll
0x00007ff9ed7b0000 - 0x00007ff9ee07e000 	C:\WINDOWS\SYSTEM32\windows.storage.dll
0x00007ff9ed670000 - 0x00007ff9ed7ae000 	C:\WINDOWS\SYSTEM32\wintypes.dll
0x00007ff9f1d40000 - 0x00007ff9f1e31000 	C:\WINDOWS\System32\SHCORE.dll
0x00007ff9f1ce0000 - 0x00007ff9f1d3e000 	C:\WINDOWS\System32\shlwapi.dll
0x00007ff9ef6e0000 - 0x00007ff9ef701000 	C:\WINDOWS\SYSTEM32\profapi.dll
0x00007ff9dd040000 - 0x00007ff9dd059000 	C:\Users\User\.jdks\corretto-16.0.2\bin\net.dll
0x00007ff9e91f0000 - 0x00007ff9e9327000 	C:\WINDOWS\SYSTEM32\WINHTTP.dll
0x00007ff9eed60000 - 0x00007ff9eedc9000 	C:\WINDOWS\system32\mswsock.dll
0x00007ff9b8b90000 - 0x00007ff9b8ba3000 	C:\Users\User\.jdks\corretto-16.0.2\bin\nio.dll
0x00007ff9b8b70000 - 0x00007ff9b8b88000 	C:\Users\User\.jdks\corretto-16.0.2\bin\zip.dll
0x00007ff9dcdd0000 - 0x00007ff9dcde0000 	C:\Users\User\.jdks\corretto-16.0.2\bin\verify.dll
0x00007ff9a5dd0000 - 0x00007ff9a5df7000 	C:\Users\User\.gradle\native\8bec1ad78214c89d9ad589b4d07fe93259594b29d510b10fafb7a158f7737e5d\windows-amd64\native-platform.dll
0x00007ff965f60000 - 0x00007ff96609d000 	C:\Users\User\.gradle\native\53dbd7edfb1c66fb8903c78663c9afc45aea4f116125fa6feffd364cf09443e8\windows-amd64\native-platform-file-events.dll
0x00007ff9dcf80000 - 0x00007ff9dcf89000 	C:\Users\User\.jdks\corretto-16.0.2\bin\management.dll
0x00007ff9dcf70000 - 0x00007ff9dcf7b000 	C:\Users\User\.jdks\corretto-16.0.2\bin\management_ext.dll
0x00007ff9eefc0000 - 0x00007ff9eefdb000 	C:\WINDOWS\SYSTEM32\CRYPTSP.dll
0x00007ff9ee770000 - 0x00007ff9ee7a5000 	C:\WINDOWS\system32\rsaenh.dll
0x00007ff9eee60000 - 0x00007ff9eee88000 	C:\WINDOWS\SYSTEM32\USERENV.dll
0x00007ff9ef160000 - 0x00007ff9ef188000 	C:\WINDOWS\SYSTEM32\bcrypt.dll
0x00007ff9eefe0000 - 0x00007ff9eefec000 	C:\WINDOWS\SYSTEM32\CRYPTBASE.dll
0x00007ff9ee2e0000 - 0x00007ff9ee30d000 	C:\WINDOWS\SYSTEM32\IPHLPAPI.DLL
0x00007ff9f0190000 - 0x00007ff9f0199000 	C:\WINDOWS\System32\NSI.dll
0x00007ff9e91b0000 - 0x00007ff9e91c9000 	C:\WINDOWS\SYSTEM32\dhcpcsvc6.DLL
0x00007ff9e9170000 - 0x00007ff9e918f000 	C:\WINDOWS\SYSTEM32\dhcpcsvc.DLL
0x00007ff9ee350000 - 0x00007ff9ee443000 	C:\WINDOWS\SYSTEM32\DNSAPI.dll
0x00007ff9c8ba0000 - 0x00007ff9c8bae000 	C:\Users\User\.jdks\corretto-16.0.2\bin\sunmscapi.dll
0x00007ff9efa30000 - 0x00007ff9efb97000 	C:\WINDOWS\System32\CRYPT32.dll
0x00007ff9ef130000 - 0x00007ff9ef15e000 	C:\WINDOWS\SYSTEM32\ncrypt.dll
0x00007ff9ef0f0000 - 0x00007ff9ef127000 	C:\WINDOWS\SYSTEM32\NTASN1.dll
0x00007ff983ce0000 - 0x00007ff983ce8000 	C:\WINDOWS\system32\wshunix.dll

dbghelp: loaded successfully - version: 4.0.5 - missing functions: none
symbol engine: initialized successfully - sym options: 0x614 - pdb path: .;C:\Users\User\.jdks\corretto-16.0.2\bin;C:\WINDOWS\SYSTEM32;C:\WINDOWS\WinSxS\amd64_microsoft.windows.common-controls_6595b64144ccf1df_6.0.22621.1635_none_270f70857386168e;C:\Users\User\.jdks\corretto-16.0.2\bin\server;C:\Users\User\.gradle\native\8bec1ad78214c89d9ad589b4d07fe93259594b29d510b10fafb7a158f7737e5d\windows-amd64;C:\Users\User\.gradle\native\53dbd7edfb1c66fb8903c78663c9afc45aea4f116125fa6feffd364cf09443e8\windows-amd64

VM Arguments:
jvm_args: --add-opens=java.base/java.util=ALL-UNNAMED --add-opens=java.base/java.lang=ALL-UNNAMED --add-opens=java.base/java.lang.invoke=ALL-UNNAMED --add-opens=java.base/java.util=ALL-UNNAMED --add-opens=java.prefs/java.util.prefs=ALL-UNNAMED --add-opens=java.prefs/java.util.prefs=ALL-UNNAMED --add-opens=java.base/java.nio.charset=ALL-UNNAMED --add-opens=java.base/java.net=ALL-UNNAMED --add-opens=java.base/java.util.concurrent.atomic=ALL-UNNAMED -XX:MaxMetaspaceSize=256m -XX:+HeapDumpOnOutOfMemoryError -Xms256m -Xmx512m -Dfile.encoding=windows-1252 -Duser.country=US -Duser.language=en -Duser.variant 
java_command: org.gradle.launcher.daemon.bootstrap.GradleDaemon 7.1
java_class_path (initial): C:\Users\User\.gradle\wrapper\dists\gradle-7.1-bin\4pslxx9lrxt5svtz5wbnb6tkz\gradle-7.1\lib\gradle-launcher-7.1.jar
Launcher Type: SUN_STANDARD

[Global flags]
     intx CICompilerCount                          = 4                                         {product} {ergonomic}
   size_t CompressedClassSpaceSize                 = 218103808                                 {product} {ergonomic}
     uint ConcGCThreads                            = 2                                         {product} {ergonomic}
     uint G1ConcRefinementThreads                  = 8                                         {product} {ergonomic}
   size_t G1HeapRegionSize                         = 1048576                                   {product} {ergonomic}
    uintx GCDrainStackTargetSize                   = 64                                        {product} {ergonomic}
     bool HeapDumpOnOutOfMemoryError               = true                                   {manageable} {command line}
   size_t InitialHeapSize                          = 268435456                                 {product} {command line}
   size_t MarkStackSize                            = 4194304                                   {product} {ergonomic}
   size_t MaxHeapSize                              = 536870912                                 {product} {command line}
   size_t MaxMetaspaceSize                         = 268435456                                 {product} {command line}
   size_t MaxNewSize                               = 321912832                                 {product} {ergonomic}
   size_t MinHeapDeltaBytes                        = 1048576                                   {product} {ergonomic}
   size_t MinHeapSize                              = 268435456                                 {product} {command line}
    uintx NonNMethodCodeHeapSize                   = 5839372                                {pd product} {ergonomic}
    uintx NonProfiledCodeHeapSize                  = 122909434                              {pd product} {ergonomic}
    uintx ProfiledCodeHeapSize                     = 122909434                              {pd product} {ergonomic}
    uintx ReservedCodeCacheSize                    = 251658240                              {pd product} {ergonomic}
     bool SegmentedCodeCache                       = true                                      {product} {ergonomic}
   size_t SoftMaxHeapSize                          = 536870912                              {manageable} {ergonomic}
     bool UseCompressedClassPointers               = true                           {product lp64_product} {ergonomic}
     bool UseCompressedOops                        = true                           {product lp64_product} {ergonomic}
     bool UseG1GC                                  = true                                      {product} {ergonomic}
     bool UseLargePagesIndividualAllocation        = false                                  {pd product} {ergonomic}

Logging:
Log output configuration:
 #0: stdout all=warning uptime,level,tags
 #1: stderr all=off uptime,level,tags

Environment Variables:
JAVA_HOME=C:\Program Files\Java\jdk1.8.0_271
PATH=C:\Program Files (x86)\Common Files\Intel\Shared Libraries\redist\intel64\compiler;C:\Program Files (x86)\Razer Chroma SDK\bin;C:\Program Files\Razer Chroma SDK\bin;C:\Program Files\Common Files\Oracle\Java\javapath;C:\Program Files (x86)\Common Files\Oracle\Java\javapath;C:\Program Files (x86)\Razer\ChromaBroadcast\bin;C:\Program Files\Razer\ChromaBroadcast\bin;C:\Windows\system32;C:\Windows;C:\Windows\System32\Wbem;C:\Windows\System32\WindowsPowerShell\v1.0\;C:\Windows\System32\OpenSSH\;C:\Program Files (x86)\NVIDIA Corporation\PhysX\Common;C:\Program Files\NVIDIA Corporation\NVIDIA NvDLISR;C:\Program Files\Git\cmd;C:\Program Files\WorldPainter;C:\Program Files\nodejs\;C:\Program Files\dotnet\;C:\Program Files\Azure Data Studio\bin;C:\Program Files\apache-maven-3.8.5\bin;C:\Program Files\Java\jdk1.8.0_271\bin;C:\WINDOWS\system32;C:\WINDOWS;C:\WINDOWS\System32\Wbem;C:\WINDOWS\System32\WindowsPowerShell\v1.0\;C:\WINDOWS\System32\OpenSSH\;C:\Program Files (x86)\Bitvise SSH Client;C:\Program Files (x86)\dotnet\;C:\Program Files\Cloudflare\Cloudflare WARP\;C:\Program Files\PuTTY\;C:\Users\User\AppData\Local\Microsoft\WindowsApps;C:\Users\User\AppData\Local\Programs\Microsoft VS Code\bin;C:\Users\User\AppData\Local\GitHubDesktop\bin;C:\Users\User\AppData\Roaming\npm;C:\Users\User\.dotnet\tools;C:\Program Files\Azure Data Studio\bin;C:\Users\User\AppData\Local\JetBrains\Toolbox\scripts;;%USERPROFILE%\AppData\Local\Microsoft\WindowsApps
USERNAME=User
OS=Windows_NT
PROCESSOR_IDENTIFIER=Intel64 Family 6 Model 158 Stepping 13, GenuineIntel



---------------  S Y S T E M  ---------------

OS:
 Windows 10 , 64 bit Build 22621 (10.0.22621.1778)
OS uptime: 7 days 13:09 hours

CPU: total 8 (initial active 8) (8 cores per cpu, 1 threads per core) family 6 model 158 stepping 13 microcode 0xea, cx8, cmov, fxsr, mmx, 3dnowpref, sse, sse2, sse3, ssse3, sse4.1, sse4.2, popcnt, lzcnt, tsc, tscinvbit, avx, avx2, aes, erms, clmul, bmi1, bmi2, adx, fma, vzeroupper, clflush, clflushopt

Memory: 4k page, system-wide physical 32594M (8498M free)
TotalPageFile size 50067M (AvailPageFile size 49M)
current process WorkingSet (physical memory assigned to process): 407M, peak: 408M
current process commit charge ("private bytes"): 509M, peak: 510M

vm_info: OpenJDK 64-Bit Server VM (16.0.2+7) for windows-amd64 JRE (16.0.2+7), built on Jul 22 2021 01:11:46 by "Administrator" with MS VC++ 15.9 (VS2017)

END.
