#
# There is insufficient memory for the Java Runtime Environment to continue.
# Native memory allocation (mmap) failed to map 536870912 bytes for G1 virtual space
# Possible reasons:
#   The system is out of physical RAM or swap space
#   The process is running with CompressedOops enabled, and the Java Heap may be blocking the growth of the native heap
# Possible solutions:
#   Reduce memory load on the system
#   Increase physical memory or swap space
#   Check if swap backing store is full
#   Decrease Java heap size (-Xmx/-Xms)
#   Decrease number of Java threads
#   Decrease Java thread stack sizes (-Xss)
#   Set larger code cache with -XX:ReservedCodeCacheSize=
#   JVM is running with Zero Based Compressed Oops mode in which the Java heap is
#     placed in the first 32GB address space. The Java Heap base address is the
#     maximum limit for the native heap growth. Please use -XX:HeapBaseMinAddress
#     to set the Java Heap base and to place the Java Heap above 32GB virtual address.
# This output file may be truncated or incomplete.
#
#  Out of Memory Error (os_windows.cpp:3466), pid=13124, tid=64932
#
# JRE version:  (16.0.2+7) (build )
# Java VM: OpenJDK 64-Bit Server VM (16.0.2+7, mixed mode, sharing, tiered, compressed oops, compressed class ptrs, g1 gc, windows-amd64)
# No core dump will be written. Minidumps are not enabled by default on client versions of Windows
#

---------------  S U M M A R Y ------------

Command Line: org.jetbrains.kotlin.cli.jvm.K2JVMCompiler @C:\Users\User\Desktop\minerip\Alchemist\spigot\build\20230628_2628206751256245428.compiler.options

Host: Intel(R) Core(TM) i7-9700K CPU @ 3.60GHz, 8 cores, 31G,  Windows 10 , 64 bit Build 22621 (10.0.22621.1778)
Time: Wed Jun 28 14:39:52 2023 Pacific Daylight Time elapsed time: 0.028220 seconds (0d 0h 0m 0s)

---------------  T H R E A D  ---------------

Current thread (0x000002d8a7fc8270):  JavaThread "Unknown thread" [_thread_in_vm, id=64932, stack(0x000000e7bd800000,0x000000e7bd900000)]

Stack: [0x000000e7bd800000,0x000000e7bd900000]
Native frames: (J=compiled Java code, j=interpreted, Vv=VM code, C=native code)
V  [jvm.dll+0x647e0a]
V  [jvm.dll+0x7f0549]
V  [jvm.dll+0x7f1cfe]
V  [jvm.dll+0x7f2343]
V  [jvm.dll+0x23dd88]
V  [jvm.dll+0x644b4a]
V  [jvm.dll+0x639795]
V  [jvm.dll+0x2f66f9]
V  [jvm.dll+0x2fd516]
V  [jvm.dll+0x34999a]
V  [jvm.dll+0x349bdf]
V  [jvm.dll+0x2cc918]
V  [jvm.dll+0x2cdb49]
V  [jvm.dll+0x7c4431]
V  [jvm.dll+0x356ee1]
V  [jvm.dll+0x7a30b0]
V  [jvm.dll+0x3d4c55]
V  [jvm.dll+0x3d69f1]
C  [jli.dll+0x5243]
C  [ucrtbase.dll+0x29363]
C  [KERNEL32.DLL+0x126ad]
C  [ntdll.dll+0x5a9f8]


---------------  P R O C E S S  ---------------

Threads class SMR info:
_java_thread_list=0x00007ff93a4e73d8, length=0, elements={
}

Java Threads: ( => current thread )

Other Threads:
  0x000002d8a803bbe0 GCTaskThread "GC Thread#0" [stack: 0x000000e7bd900000,0x000000e7bda00000] [id=63108]
  0x000002d8a804da00 ConcurrentGCThread "G1 Main Marker" [stack: 0x000000e7bda00000,0x000000e7bdb00000] [id=67708]
  0x000002d8a804e380 ConcurrentGCThread "G1 Conc#0" [stack: 0x000000e7bdb00000,0x000000e7bdc00000] [id=3800]

[error occurred during error reporting (printing all threads), id 0xc0000005, EXCEPTION_ACCESS_VIOLATION (0xc0000005) at pc=0x00007ff939c5e207]

VM state: not at safepoint (not fully initialized)

VM Mutex/Monitor currently owned by a thread:  ([mutex/lock_event])
[0x000002d8a7fc3c20] Heap_lock - owner thread: 0x000002d8a7fc8270

Heap address: 0x0000000602800000, size: 8152 MB, Compressed Oops mode: Zero based, Oop shift amount: 3

CDS archive(s) mapped at: [0x0000000000000000-0x0000000000000000-0x0000000000000000), size 0, SharedBaseAddress: 0x0000000800000000, ArchiveRelocationMode: 0.
Narrow klass base: 0x0000000000000000, Narrow klass shift: 0, Narrow klass range: 0x0

GC Precious Log:
<Empty>

Heap:
 garbage-first heap   total 0K, used 0K [0x0000000602800000, 0x0000000800000000)
  region size 4096K, 0 young (0K), 0 survivors (0K)

[error occurred during error reporting (printing heap information), id 0xc0000005, EXCEPTION_ACCESS_VIOLATION (0xc0000005) at pc=0x00007ff93a01ff7d]

GC Heap History (0 events):
No events

Deoptimization events (0 events):
No events

Classes unloaded (0 events):
No events

Classes redefined (0 events):
No events

Internal exceptions (0 events):
No events

Events (1 events):
Event: 0.015 Loaded shared library C:\Users\User\.jdks\corretto-16.0.2\bin\java.dll


Dynamic libraries:
0x00007ff77ef60000 - 0x00007ff77ef6d000 	C:\Users\User\.jdks\corretto-16.0.2\bin\java.exe
0x00007ff9f23b0000 - 0x00007ff9f25c4000 	C:\WINDOWS\SYSTEM32\ntdll.dll
0x00007ff9f1440000 - 0x00007ff9f1502000 	C:\WINDOWS\System32\KERNEL32.DLL
0x00007ff9efc10000 - 0x00007ff9effb3000 	C:\WINDOWS\System32\KERNELBASE.dll
0x00007ff9ef850000 - 0x00007ff9ef961000 	C:\WINDOWS\System32\ucrtbase.dll
0x00007ff9dd0e0000 - 0x00007ff9dd0f8000 	C:\Users\User\.jdks\corretto-16.0.2\bin\jli.dll
0x00007ff9f1510000 - 0x00007ff9f16bb000 	C:\WINDOWS\System32\USER32.dll
0x00007ff9f0160000 - 0x00007ff9f0186000 	C:\WINDOWS\System32\win32u.dll
0x00007ff9f2290000 - 0x00007ff9f22b9000 	C:\WINDOWS\System32\GDI32.dll
0x00007ff9effc0000 - 0x00007ff9f00d9000 	C:\WINDOWS\System32\gdi32full.dll
0x00007ff9ef7b0000 - 0x00007ff9ef84a000 	C:\WINDOWS\System32\msvcp_win.dll
0x00007ff9dcde0000 - 0x00007ff9dcdf5000 	C:\Users\User\.jdks\corretto-16.0.2\bin\VCRUNTIME140.dll
0x00007ff9dc560000 - 0x00007ff9dc7ee000 	C:\WINDOWS\WinSxS\amd64_microsoft.windows.common-controls_6595b64144ccf1df_6.0.22621.1635_none_270f70857386168e\COMCTL32.dll
0x00007ff9f1bc0000 - 0x00007ff9f1c67000 	C:\WINDOWS\System32\msvcrt.dll
0x00007ff9f1400000 - 0x00007ff9f1431000 	C:\WINDOWS\System32\IMM32.DLL
0x00007ff9f16c0000 - 0x00007ff9f17d7000 	C:\WINDOWS\System32\RPCRT4.dll
0x00007ff9eeac0000 - 0x00007ff9eeb02000 	C:\WINDOWS\SYSTEM32\SspiCli.dll
0x00007ff9b8a10000 - 0x00007ff9b8aab000 	C:\Users\User\.jdks\corretto-16.0.2\bin\msvcp140.dll
0x00007ff939980000 - 0x00007ff93a589000 	C:\Users\User\.jdks\corretto-16.0.2\bin\server\jvm.dll
0x00007ff9f2030000 - 0x00007ff9f20de000 	C:\WINDOWS\System32\ADVAPI32.dll
0x00007ff9f0230000 - 0x00007ff9f02d4000 	C:\WINDOWS\System32\sechost.dll
0x00007ff9f2360000 - 0x00007ff9f2368000 	C:\WINDOWS\System32\PSAPI.DLL
0x00007ff9e9410000 - 0x00007ff9e9419000 	C:\WINDOWS\SYSTEM32\WSOCK32.dll
0x00007ff9f22e0000 - 0x00007ff9f2351000 	C:\WINDOWS\System32\WS2_32.dll
0x00007ff9e9470000 - 0x00007ff9e94a4000 	C:\WINDOWS\SYSTEM32\WINMM.dll
0x00007ff9ea230000 - 0x00007ff9ea23a000 	C:\WINDOWS\SYSTEM32\VERSION.dll
0x00007ff9ee7b0000 - 0x00007ff9ee7c8000 	C:\WINDOWS\SYSTEM32\kernel.appcore.dll
0x00007ff9dd060000 - 0x00007ff9dd06a000 	C:\Users\User\.jdks\corretto-16.0.2\bin\jimage.dll
0x00007ff9e3610000 - 0x00007ff9e383e000 	C:\WINDOWS\SYSTEM32\DBGHELP.DLL
0x00007ff9f0770000 - 0x00007ff9f0af9000 	C:\WINDOWS\System32\combase.dll
0x00007ff9f1300000 - 0x00007ff9f13d7000 	C:\WINDOWS\System32\OLEAUT32.dll
0x00007ff9d5010000 - 0x00007ff9d5042000 	C:\WINDOWS\SYSTEM32\dbgcore.DLL
0x00007ff9f00e0000 - 0x00007ff9f015b000 	C:\WINDOWS\System32\bcryptPrimitives.dll
0x00007ff9d6eb0000 - 0x00007ff9d6ed5000 	C:\Users\User\.jdks\corretto-16.0.2\bin\java.dll

dbghelp: loaded successfully - version: 4.0.5 - missing functions: none
symbol engine: initialized successfully - sym options: 0x614 - pdb path: .;C:\Users\User\.jdks\corretto-16.0.2\bin;C:\WINDOWS\SYSTEM32;C:\WINDOWS\WinSxS\amd64_microsoft.windows.common-controls_6595b64144ccf1df_6.0.22621.1635_none_270f70857386168e;C:\Users\User\.jdks\corretto-16.0.2\bin\server

VM Arguments:
java_command: org.jetbrains.kotlin.cli.jvm.K2JVMCompiler @C:\Users\User\Desktop\minerip\Alchemist\spigot\build\20230628_2628206751256245428.compiler.options
java_class_path (initial): C:\Users\User\.gradle\caches\modules-2\files-2.1\org.jetbrains.kotlin\kotlin-compiler-embeddable\1.6.10\88f2073f4020cdb83132cfe940ceb9a60aba54ea\kotlin-compiler-embeddable-1.6.10.jar;C:\Users\User\.gradle\caches\modules-2\files-2.1\org.jetbrains.kotlin\kotlin-reflect\1.6.10\1cbe9c92c12a94eea200d23c2bbaedaf3daf5132\kotlin-reflect-1.6.10.jar;C:\Users\User\.gradle\caches\modules-2\files-2.1\org.jetbrains.kotlin\kotlin-stdlib\1.6.10\b8af3fe6f1ca88526914929add63cf5e7c5049af\kotlin-stdlib-1.6.10.jar;C:\Users\User\.gradle\caches\modules-2\files-2.1\org.jetbrains.kotlin\kotlin-script-runtime\1.6.10\d0a7ff2e2500ef497ed0214ae40ad3c8387a6164\kotlin-script-runtime-1.6.10.jar;C:\Users\User\.gradle\caches\modules-2\files-2.1\org.jetbrains.kotlin\kotlin-daemon-embeddable\1.6.10\a56d79bcbea411fa6058e4ecffc2de73e742bd2a\kotlin-daemon-embeddable-1.6.10.jar;C:\Users\User\.gradle\caches\modules-2\files-2.1\org.jetbrains.intellij.deps\trove4j\1.0.20181211\216c2e14b070f334479d800987affe4054cd563f\trove4j-1.0.20181211.jar;C:\Users\User\.gradle\caches\modules-2\files-2.1\net.java.dev.jna\jna\5.6.0\330f2244e9030119ab3030fc3fededc86713d9cc\jna-5.6.0.jar;C:\Users\User\.gradle\caches\modules-2\files-2.1\org.jetbrains\annotations\13.0\919f0dfe192fb4e063e7dacadee7f8bb9a2672a9\annotations-13.0.jar;C:\Users\User\.gradle\caches\modules-2\files-2.1\org.jetbrains.kotlin\kotlin-stdlib-common\1.6.10\c118700e3a33c8a0d9adc920e9dec0831171925\kotlin-stdlib-common-1.6.10.jar
Launcher Type: SUN_STANDARD

[Global flags]
     intx CICompilerCount                          = 4                                         {product} {ergonomic}
     uint ConcGCThreads                            = 2                                         {product} {ergonomic}
     uint G1ConcRefinementThreads                  = 8                                         {product} {ergonomic}
   size_t G1HeapRegionSize                         = 4194304                                   {product} {ergonomic}
    uintx GCDrainStackTargetSize                   = 64                                        {product} {ergonomic}
   size_t InitialHeapSize                          = 536870912                                 {product} {ergonomic}
   size_t MarkStackSize                            = 4194304                                   {product} {ergonomic}
   size_t MaxHeapSize                              = 8547991552                                {product} {ergonomic}
   size_t MinHeapDeltaBytes                        = 4194304                                   {product} {ergonomic}
   size_t MinHeapSize                              = 8388608                                   {product} {ergonomic}
    uintx NonNMethodCodeHeapSize                   = 5839372                                {pd product} {ergonomic}
    uintx NonProfiledCodeHeapSize                  = 122909434                              {pd product} {ergonomic}
    uintx ProfiledCodeHeapSize                     = 122909434                              {pd product} {ergonomic}
    uintx ReservedCodeCacheSize                    = 251658240                              {pd product} {ergonomic}
     bool SegmentedCodeCache                       = true                                      {product} {ergonomic}
   size_t SoftMaxHeapSize                          = 8547991552                             {manageable} {ergonomic}
     bool UseCompressedClassPointers               = true                           {product lp64_product} {ergonomic}
     bool UseCompressedOops                        = true                           {product lp64_product} {ergonomic}
     bool UseG1GC                                  = true                                      {product} {ergonomic}
     bool UseLargePagesIndividualAllocation        = false                                  {pd product} {ergonomic}

Logging:
Log output configuration:
 #0: stdout all=warning uptime,level,tags
 #1: stderr all=off uptime,level,tags

Environment Variables:
JAVA_HOME=C:\Program Files\Java\jdk1.8.0_271
PATH=C:\Program Files (x86)\Common Files\Intel\Shared Libraries\redist\intel64\compiler;C:\Program Files (x86)\Razer Chroma SDK\bin;C:\Program Files\Razer Chroma SDK\bin;C:\Program Files\Common Files\Oracle\Java\javapath;C:\Program Files (x86)\Common Files\Oracle\Java\javapath;C:\Program Files (x86)\Razer\ChromaBroadcast\bin;C:\Program Files\Razer\ChromaBroadcast\bin;C:\Windows\system32;C:\Windows;C:\Windows\System32\Wbem;C:\Windows\System32\WindowsPowerShell\v1.0\;C:\Windows\System32\OpenSSH\;C:\Program Files (x86)\NVIDIA Corporation\PhysX\Common;C:\Program Files\NVIDIA Corporation\NVIDIA NvDLISR;C:\Program Files\Git\cmd;C:\Program Files\WorldPainter;C:\Program Files\nodejs\;C:\Program Files\dotnet\;C:\Program Files\Azure Data Studio\bin;C:\Program Files\apache-maven-3.8.5\bin;C:\Program Files\Java\jdk1.8.0_271\bin;C:\WINDOWS\system32;C:\WINDOWS;C:\WINDOWS\System32\Wbem;C:\WINDOWS\System32\WindowsPowerShell\v1.0\;C:\WINDOWS\System32\OpenSSH\;C:\Program Files (x86)\Bitvise SSH Client;C:\Program Files (x86)\dotnet\;C:\Program Files\Cloudflare\Cloudflare WARP\;C:\Program Files\PuTTY\;C:\Users\User\AppData\Local\Microsoft\WindowsApps;C:\Users\User\AppData\Local\Programs\Microsoft VS Code\bin;C:\Users\User\AppData\Local\GitHubDesktop\bin;C:\Users\User\AppData\Roaming\npm;C:\Users\User\.dotnet\tools;C:\Program Files\Azure Data Studio\bin;C:\Users\User\AppData\Local\JetBrains\Toolbox\scripts;;%USERPROFILE%\AppData\Local\Microsoft\WindowsApps
USERNAME=User
OS=Windows_NT
PROCESSOR_IDENTIFIER=Intel64 Family 6 Model 158 Stepping 13, GenuineIntel



---------------  S Y S T E M  ---------------

OS:
 Windows 10 , 64 bit Build 22621 (10.0.22621.1778)
OS uptime: 7 days 13:10 hours

CPU: total 8 (initial active 8) (8 cores per cpu, 1 threads per core) family 6 model 158 stepping 13 microcode 0xea, cx8, cmov, fxsr, mmx, 3dnowpref, sse, sse2, sse3, ssse3, sse4.1, sse4.2, popcnt, lzcnt, tsc, tscinvbit, avx, avx2, aes, erms, clmul, bmi1, bmi2, adx, fma, vzeroupper, clflush, clflushopt

Memory: 4k page, system-wide physical 32594M (8782M free)
TotalPageFile size 50067M (AvailPageFile size 184M)
current process WorkingSet (physical memory assigned to process): 11M, peak: 11M
current process commit charge ("private bytes"): 60M, peak: 572M

vm_info: OpenJDK 64-Bit Server VM (16.0.2+7) for windows-amd64 JRE (16.0.2+7), built on Jul 22 2021 01:11:46 by "Administrator" with MS VC++ 15.9 (VS2017)

END.
